--> WARNING: A timing loop was found in the design. <TA-112>.
    Info:    Description of timing loop follows: <TA-114>.
     +--------------------------------+ 
     |        Pin        |    Cell    | 
     |-------------------+------------| 
     |           U5232/Y |  NAND2X1TS | 
     |           U3673/B |   NOR2X1TS | 
     |           U3673/Y |   NOR2X1TS | 
     | FE_OFC666_n4759/A | CLKBUFX2TS | 
     | FE_OFC666_n4759/Y | CLKBUFX2TS | 
     |          U5383/A0 |  AOI31X1TS | 
     |           U5383/Y |  AOI31X1TS | 
     |           U3670/A |    INVX2TS | 
     |           U3670/Y |    INVX2TS | 
     |           U3944/C |    OR3X1TS | 
     |           U3944/Y |    OR3X1TS | 
     | FE_OFC664_n8053/A | CLKBUFX2TS | 
     | FE_OFC664_n8053/Y | CLKBUFX2TS | 
     |           U4849/A |    INVX2TS | 
     |           U4849/Y |    INVX2TS | 
     |          U5370/A0 |  AOI31X1TS | 
     |           U5370/Y |  AOI31X1TS | 
     |           U4099/A |    INVX2TS | 
     |           U4099/Y |    INVX2TS | 
     |           U4600/C |   NOR3X1TS | 
     |           U4600/Y |   NOR3X1TS | 
     | FE_OFC653_n4747/A | CLKBUFX2TS | 
     | FE_OFC653_n4747/Y | CLKBUFX2TS | 
     |          U5365/A0 |  AOI31X1TS | 
     |           U5365/Y |  AOI31X1TS | 
     |           U3661/A |    INVX2TS | 
     |           U3661/Y |    INVX2TS | 
     |           U4583/C |   NOR3X1TS | 
     |           U4583/Y |   NOR3X1TS | 
     | FE_OFC640_n4741/A | CLKBUFX2TS | 
     | FE_OFC640_n4741/Y | CLKBUFX2TS | 
     | FE_OFC642_n4741/A | CLKBUFX2TS | 
     | FE_OFC642_n4741/Y | CLKBUFX2TS | 
     |          U5361/A0 |  AOI31X1TS | 
     |           U5361/Y |  AOI31X1TS | 
     |           U3657/A |    INVX2TS | 
     |           U3657/Y |    INVX2TS | 
     |           U4568/C |   NOR3X1TS | 
     |           U4568/Y |   NOR3X1TS | 
     | FE_OFC618_n4735/A | CLKBUFX2TS | 
     | FE_OFC618_n4735/Y | CLKBUFX2TS | 
     |          U5357/A0 |  AOI31X1TS | 
     |           U5357/Y |  AOI31X1TS | 
     |           U3653/A |    INVX2TS | 
     |           U3653/Y |    INVX2TS | 
     |           U5353/C |   NOR3X1TS | 
     |           U5353/Y |   NOR3X1TS | 
     |          U5351/A0 |  AOI31X1TS | 
     |           U5351/Y |  AOI31X1TS | 
     |           U3649/A |    INVX2TS | 
     |           U3649/Y |    INVX2TS | 
     |           U5348/C |   NOR3X1TS | 
     |           U5348/Y |   NOR3X1TS | 
     | FE_OFC593_n4723/A | CLKBUFX2TS | 
     | FE_OFC593_n4723/Y | CLKBUFX2TS | 
     |          U5343/A0 |  AOI31X1TS | 
     |           U5343/Y |  AOI31X1TS | 
     |           U3645/A |    INVX2TS | 
     |           U3645/Y |    INVX2TS | 
     |           U5340/C |   NOR3X1TS | 
     |           U5340/Y |   NOR3X1TS | 
     |          U5634/A0 |  AOI31X1TS | 
     |           U5634/Y |  AOI31X1TS | 
     |           U3641/A |    INVX2TS | 
     |           U3641/Y |    INVX2TS | 
     |           U4501/C |   NOR3X1TS | 
     |           U4501/Y |   NOR3X1TS | 
     |          U5333/A0 |  AOI31X1TS | 
     |           U5333/Y |  AOI31X1TS | 
     |           U3637/A |    INVX2TS | 
     |           U3637/Y |    INVX2TS | 
     |           U4491/C |   NOR3X1TS | 
     |           U4491/Y |   NOR3X1TS | 
     | FE_OFC546_n4705/A | CLKBUFX2TS | 
     | FE_OFC546_n4705/Y | CLKBUFX2TS | 
     |          U5328/A0 |  AOI31X1TS | 
     |           U5328/Y |  AOI31X1TS | 
     |           U3633/A |    INVX2TS | 
     |           U3633/Y |    INVX2TS | 
     |           U4474/C |   NOR3X1TS | 
     |           U4474/Y |   NOR3X1TS | 
     | FE_OFC534_n4699/A | CLKBUFX2TS | 
     | FE_OFC534_n4699/Y | CLKBUFX2TS | 
     |          U5322/A0 |  AOI31X1TS | 
     |           U5322/Y |  AOI31X1TS | 
     |           U3629/A |    INVX2TS | 
     |           U3629/Y |    INVX2TS | 
     |           U4454/C |   NOR3X1TS | 
     |           U4454/Y |   NOR3X1TS | 
     |          U5319/A0 |  AOI31X1TS | 
     |           U5319/Y |  AOI31X1TS | 
     |           U3625/A |    INVX2TS | 
     |           U3625/Y |    INVX2TS | 
     |           U3895/C |    OR3X1TS | 
     |           U3895/Y |    OR3X1TS | 
     |           U4841/A |    INVX2TS | 
     |           U4841/Y |    INVX2TS | 
     |          U5315/A1 |  AOI31X1TS | 
     |           U5315/Y |  AOI31X1TS | 
     |           U3621/A |    INVX2TS | 
     |           U3621/Y |    INVX2TS | 
     |           U5313/C |   NOR3X1TS | 
     |           U5313/Y |   NOR3X1TS | 
     | FE_OFC496_n4681/A | CLKBUFX2TS | 
     | FE_OFC496_n4681/Y | CLKBUFX2TS | 
     |          U5308/A1 |  AOI31X1TS | 
     |           U5308/Y |  AOI31X1TS | 
     |           U3617/A |    INVX2TS | 
     |           U3617/Y |    INVX2TS | 
     |           U5305/C |   NOR3X1TS | 
     |           U5305/Y |   NOR3X1TS | 
     |          U5636/A1 |  AOI31X1TS | 
     |           U5636/Y |  AOI31X1TS | 
     |          U3945/A1 |  AOI21X1TS | 
     |           U3945/Y |  AOI21X1TS | 
     |           U4640/A |   NOR2X1TS | 
     |           U4640/Y |   NOR2X1TS | 
     |          U5696/A1 |  AOI31X1TS | 
     |           U5696/Y |  AOI31X1TS | 
     |           U5232/A |  NAND2X1TS | 
     |           U5232/Y |  NAND2X1TS | 
     +--------------------------------+ 
--> WARNING: The arc from 'U5232/A' to 'U5232/Y' has been cut  <TA-113>.
--> WARNING: A timing loop was found in the design. <TA-112>.
    Info:    Description of timing loop follows: <TA-114>.
     +-------------------------+ 
     |    Pin    |    Cell     | 
     |-----------+-------------| 
     |   U5229/Y |   NAND2X1TS | 
     |   U5236/B |    NOR2X1TS | 
     |   U5236/Y |    NOR2X1TS | 
     |   U3387/B |   NAND2X1TS | 
     |   U3387/Y |   NAND2X1TS | 
     |   U4118/D |    NOR4XLTS | 
     |   U4118/Y |    NOR4XLTS | 
     |   U4117/A |     OR2X2TS | 
     |   U4117/Y |     OR2X2TS | 
     |   U5698/C |   NOR3BX1TS | 
     |   U5698/Y |   NOR3BX1TS | 
     |  U5449/A0 |   AOI31X1TS | 
     |   U5449/Y |   AOI31X1TS | 
     |   U3380/A |     INVX2TS | 
     |   U3380/Y |     INVX2TS | 
     |   U4123/C |    NOR3X1TS | 
     |   U4123/Y |    NOR3X1TS | 
     |  U4122/A0 |   AOI31X1TS | 
     |   U4122/Y |   AOI31X1TS | 
     |   U4124/A |     INVX2TS | 
     |   U4124/Y |     INVX2TS | 
     |   U4129/C |    NOR3X1TS | 
     |   U4129/Y |    NOR3X1TS | 
     |  U4128/A0 |   AOI31X1TS | 
     |   U4128/Y |   AOI31X1TS | 
     |   U3372/A |     INVX2TS | 
     |   U3372/Y |     INVX2TS | 
     |   U3900/C |     OR3X1TS | 
     |   U3900/Y |     OR3X1TS | 
     |   U5856/A |     INVX2TS | 
     |   U5856/Y |     INVX2TS | 
     |  U5704/A0 |   AOI31X1TS | 
     |   U5704/Y |   AOI31X1TS | 
     |   U3368/A |     INVX2TS | 
     |   U3368/Y |     INVX2TS | 
     |   U3918/C |    NOR3X1TS | 
     |   U3918/Y |    NOR3X1TS | 
     |  U5451/A0 |   AOI31X1TS | 
     |   U5451/Y |   AOI31X1TS | 
     |   U3364/A |     INVX2TS | 
     |   U3364/Y |     INVX2TS | 
     |   U4136/C |    NOR3X1TS | 
     |   U4136/Y |    NOR3X1TS | 
     |  U4134/A0 |   AOI31X1TS | 
     |   U4134/Y |   AOI31X1TS | 
     |   U3360/A |     INVX2TS | 
     |   U3360/Y |     INVX2TS | 
     |   U3904/C |     OR3X1TS | 
     |   U3904/Y |     OR3X1TS | 
     |   U5854/A |     INVX2TS | 
     |   U5854/Y |     INVX2TS | 
     |  U4138/A0 |   AOI31X1TS | 
     |   U4138/Y |   AOI31X1TS | 
     |   U3356/A |     INVX2TS | 
     |   U3356/Y |     INVX2TS | 
     |   U3907/C |     OR3X1TS | 
     |   U3907/Y |     OR3X1TS | 
     |   U5851/A |     INVX2TS | 
     |   U5851/Y |     INVX2TS | 
     |  U4145/A0 |   AOI31X1TS | 
     |   U4145/Y |   AOI31X1TS | 
     |   U3352/A |     INVX2TS | 
     |   U3352/Y |     INVX2TS | 
     |   U4144/C |    NOR3X1TS | 
     |   U4144/Y |    NOR3X1TS | 
     |  U4142/A0 |   AOI31X1TS | 
     |   U4142/Y |   AOI31X1TS | 
     |   U3348/A |     INVX2TS | 
     |   U3348/Y |     INVX2TS | 
     |   U3917/C |    NOR3X1TS | 
     |   U3917/Y |    NOR3X1TS | 
     |  U5453/A0 |   AOI31X1TS | 
     |   U5453/Y |   AOI31X1TS | 
     |   U3344/A |     INVX2TS | 
     |   U3344/Y |     INVX2TS | 
     |   U3911/C |     OR3X1TS | 
     |   U3911/Y |     OR3X1TS | 
     |   U5847/A |     INVX2TS | 
     |   U5847/Y |     INVX2TS | 
     |  U5708/A0 |   AOI31X1TS | 
     |   U5708/Y |   AOI31X1TS | 
     |   U3340/A |     INVX2TS | 
     |   U3340/Y |     INVX2TS | 
     |   U3910/C |     OR3X1TS | 
     |   U3910/Y |     OR3X1TS | 
     |   U5846/A |     INVX2TS | 
     |   U5846/Y |     INVX2TS | 
     |  U4149/A1 |   AOI31X1TS | 
     |   U4149/Y |   AOI31X1TS | 
     |   U3336/A |     INVX2TS | 
     |   U3336/Y |     INVX2TS | 
     |   U3919/C |    NOR3X1TS | 
     |   U3919/Y |    NOR3X1TS | 
     |  U5712/A1 |   AOI31X1TS | 
     |   U5712/Y |   AOI31X1TS | 
     |   U3332/A |     INVX2TS | 
     |   U3332/Y |     INVX2TS | 
     |   U3923/C |    NOR3X1TS | 
     |   U3923/Y |    NOR3X1TS | 
     |   U3327/A |     INVX1TS | 
     |   U3327/Y |     INVX1TS | 
     |   U5473/A |    NOR4XLTS | 
     |   U5473/Y |    NOR4XLTS | 
     |  U5475/A0 |    AO21X1TS | 
     |   U5475/Y |    AO21X1TS | 
     | U3949/A1N | AOI2BB1X1TS | 
     |   U3949/Y | AOI2BB1X1TS | 
     |   U5552/B |   NOR2BX1TS | 
     |   U5552/Y |   NOR2BX1TS | 
     |  U5747/A1 |   AOI31X1TS | 
     |   U5747/Y |   AOI31X1TS | 
     |   U5229/A |   NAND2X1TS | 
     |   U5229/Y |   NAND2X1TS | 
     +-------------------------+ 
--> WARNING: The arc from 'U5229/A' to 'U5229/Y' has been cut  <TA-113>.
--> WARNING: A timing loop was found in the design. <TA-112>.
    Info:    Description of timing loop follows: <TA-114>.
     +--------------------------------+ 
     |        Pin        |    Cell    | 
     |-------------------+------------| 
     |           U5230/Y |  NAND2X1TS | 
     |           U3816/B |   NOR2X1TS | 
     |           U3816/Y |   NOR2X1TS | 
     |          U5384/A0 |  AOI31X1TS | 
     |           U5384/Y |  AOI31X1TS | 
     |           U3813/A |    INVX2TS | 
     |           U3813/Y |    INVX2TS | 
     |           U5381/C |    OR3X1TS | 
     |           U5381/Y |    OR3X1TS | 
     |           U4847/A |    INVX2TS | 
     |           U4847/Y |    INVX2TS | 
     |          U5447/A0 |  AOI31X1TS | 
     |           U5447/Y |  AOI31X1TS | 
     |           U4098/A |    INVX2TS | 
     |           U4098/Y |    INVX2TS | 
     |           U4816/C |   NOR3X1TS | 
     |           U4816/Y |   NOR3X1TS | 
     | FE_OFC313_n4561/A | CLKBUFX2TS | 
     | FE_OFC313_n4561/Y | CLKBUFX2TS | 
     |          U5364/A0 |  AOI31X1TS | 
     |           U5364/Y |  AOI31X1TS | 
     |           U3804/A |    INVX2TS | 
     |           U3804/Y |    INVX2TS | 
     |           U5363/C |   NOR3X1TS | 
     |           U5363/Y |   NOR3X1TS | 
     |          U5359/A0 |  AOI31X1TS | 
     |           U5359/Y |  AOI31X1TS | 
     |           U3800/A |    INVX2TS | 
     |           U3800/Y |    INVX2TS | 
     |           U5358/C |   NOR3X1TS | 
     |           U5358/Y |   NOR3X1TS | 
     |          U5355/A0 |  AOI31X1TS | 
     |           U5355/Y |  AOI31X1TS | 
     |           U3796/A |    INVX2TS | 
     |           U3796/Y |    INVX2TS | 
     |           U5352/C |   NOR3X1TS | 
     |           U5352/Y |   NOR3X1TS | 
     |          U5349/A0 |  AOI31X1TS | 
     |           U5349/Y |  AOI31X1TS | 
     |           U3792/A |    INVX2TS | 
     |           U3792/Y |    INVX2TS | 
     |           U5346/C |   NOR3X1TS | 
     |           U5346/Y |   NOR3X1TS | 
     | FE_OFC245_n4537/A | CLKBUFX2TS | 
     | FE_OFC245_n4537/Y | CLKBUFX2TS | 
     | FE_OFC247_n4537/A | CLKBUFX2TS | 
     | FE_OFC247_n4537/Y | CLKBUFX2TS | 
     |          U5342/A0 |  AOI31X1TS | 
     |           U5342/Y |  AOI31X1TS | 
     |           U3788/A |    INVX2TS | 
     |           U3788/Y |    INVX2TS | 
     |           U5339/C |   NOR3X1TS | 
     |           U5339/Y |   NOR3X1TS | 
     | FE_OFC233_n4531/A | CLKBUFX2TS | 
     | FE_OFC233_n4531/Y | CLKBUFX2TS | 
     |          U5702/A0 |  AOI31X1TS | 
     |           U5702/Y |  AOI31X1TS | 
     |           U3784/A |    INVX2TS | 
     |           U3784/Y |    INVX2TS | 
     |           U4284/C |   NOR3X1TS | 
     |           U4284/Y |   NOR3X1TS | 
     |          U5331/A0 |  AOI31X1TS | 
     |           U5331/Y |  AOI31X1TS | 
     |           U3780/A |    INVX2TS | 
     |           U3780/Y |    INVX2TS | 
     |           U4273/C |   NOR3X1TS | 
     |           U4273/Y |   NOR3X1TS | 
     | FE_OFC209_n4519/A | CLKBUFX2TS | 
     | FE_OFC209_n4519/Y | CLKBUFX2TS | 
     |          U5326/A0 |  AOI31X1TS | 
     |           U5326/Y |  AOI31X1TS | 
     |           U3776/A |    INVX2TS | 
     |           U3776/Y |    INVX2TS | 
     |           U4256/C |   NOR3X1TS | 
     |           U4256/Y |   NOR3X1TS | 
     | FE_OFC198_n4513/A | CLKBUFX2TS | 
     | FE_OFC198_n4513/Y | CLKBUFX2TS | 
     | FE_OFC199_n4513/A | CLKBUFX2TS | 
     | FE_OFC199_n4513/Y | CLKBUFX2TS | 
     |          U5320/A0 |  AOI31X1TS | 
     |           U5320/Y |  AOI31X1TS | 
     |           U3772/A |    INVX2TS | 
     |           U3772/Y |    INVX2TS | 
     |           U4236/C |   NOR3X1TS | 
     |           U4236/Y |   NOR3X1TS | 
     | FE_OFC175_n4507/A | CLKBUFX2TS | 
     | FE_OFC175_n4507/Y | CLKBUFX2TS | 
     |          U5318/A0 |  AOI31X1TS | 
     |           U5318/Y |  AOI31X1TS | 
     |           U3768/A |    INVX2TS | 
     |           U3768/Y |    INVX2TS | 
     |           U3929/C |    OR3X1TS | 
     |           U3929/Y |    OR3X1TS | 
     |           U4842/A |    INVX2TS | 
     |           U4842/Y |    INVX2TS | 
     |          U5314/A1 |  AOI31X1TS | 
     |           U5314/Y |  AOI31X1TS | 
     |           U3764/A |    INVX2TS | 
     |           U3764/Y |    INVX2TS | 
     |           U5311/C |   NOR3X1TS | 
     |           U5311/Y |   NOR3X1TS | 
     |          U5306/A1 |  AOI31X1TS | 
     |           U5306/Y |  AOI31X1TS | 
     |           U3760/A |    INVX2TS | 
     |           U3760/Y |    INVX2TS | 
     |           U5302/C |   NOR3X1TS | 
     |           U5302/Y |   NOR3X1TS | 
     |          U5300/A1 |  AOI31X1TS | 
     |           U5300/Y |  AOI31X1TS | 
     |          U5298/A1 |  AOI21X1TS | 
     |           U5298/Y |  AOI21X1TS | 
     |           U5297/A |   NOR2X1TS | 
     |           U5297/Y |   NOR2X1TS | 
     |          U5745/A1 |  AOI31X1TS | 
     |           U5745/Y |  AOI31X1TS | 
     |           U5230/A |  NAND2X1TS | 
     |           U5230/Y |  NAND2X1TS | 
     +--------------------------------+ 
--> WARNING: The arc from 'U5230/A' to 'U5230/Y' has been cut  <TA-113>.
--> WARNING: A timing loop was found in the design. <TA-112>.
    Info:    Description of timing loop follows: <TA-114>.
     +---------------------------------+ 
     |        Pin        |    Cell     | 
     |-------------------+-------------| 
     |           U5228/Y |   NAND2X1TS | 
     |           U5234/B |    NOR2X1TS | 
     |           U5234/Y |    NOR2X1TS | 
     |           U3530/B |   NAND2X1TS | 
     |           U3530/Y |   NAND2X1TS | 
     |           U4120/D |    NOR4XLTS | 
     |           U4120/Y |    NOR4XLTS | 
     |           U4119/A |     OR2X2TS | 
     |           U4119/Y |     OR2X2TS | 
     |           U5697/C |   NOR3BX1TS | 
     |           U5697/Y |   NOR3BX1TS | 
     |          U3524/A0 |   AOI31X1TS | 
     |           U3524/Y |   AOI31X1TS | 
     |           U3523/A |     INVX1TS | 
     |           U3523/Y |     INVX1TS | 
     |           U4126/C |    NOR3X1TS | 
     |           U4126/Y |    NOR3X1TS | 
     |          U5510/A0 |   AOI31X1TS | 
     |           U5510/Y |   AOI31X1TS | 
     |           U4127/A |     INVX2TS | 
     |           U4127/Y |     INVX2TS | 
     |           U4131/C |    NOR3X1TS | 
     |           U4131/Y |    NOR3X1TS | 
     |          U4130/A0 |   AOI31X1TS | 
     |           U4130/Y |   AOI31X1TS | 
     |           U3515/A |     INVX2TS | 
     |           U3515/Y |     INVX2TS | 
     |           U3901/C |     OR3X1TS | 
     |           U3901/Y |     OR3X1TS | 
     |           U5855/A |     INVX2TS | 
     |           U5855/Y |     INVX2TS | 
     |          U4132/A0 |   AOI31X1TS | 
     |           U4132/Y |   AOI31X1TS | 
     |           U3511/A |     INVX2TS | 
     |           U3511/Y |     INVX2TS | 
     |           U3915/C |    NOR3X1TS | 
     |           U3915/Y |    NOR3X1TS | 
     |          U5512/A0 |   AOI31X1TS | 
     |           U5512/Y |   AOI31X1TS | 
     |           U3507/A |     INVX2TS | 
     |           U3507/Y |     INVX2TS | 
     |           U4137/C |    NOR3X1TS | 
     |           U4137/Y |    NOR3X1TS | 
     |          U5421/A0 |   AOI31X1TS | 
     |           U5421/Y |   AOI31X1TS | 
     |           U3503/A |     INVX2TS | 
     |           U3503/Y |     INVX2TS | 
     |           U3905/C |     OR3X1TS | 
     |           U3905/Y |     OR3X1TS | 
     |           U5853/A |     INVX2TS | 
     |           U5853/Y |     INVX2TS | 
     | FE_OFC678_n7295/A |  CLKBUFX2TS | 
     | FE_OFC678_n7295/Y |  CLKBUFX2TS | 
     |          U4140/A0 |   AOI31X1TS | 
     |           U4140/Y |   AOI31X1TS | 
     |           U3499/A |     INVX2TS | 
     |           U3499/Y |     INVX2TS | 
     |           U3909/C |     OR3X1TS | 
     |           U3909/Y |     OR3X1TS | 
     |           U5852/A |     INVX2TS | 
     |           U5852/Y |     INVX2TS | 
     |          U5514/A0 |   AOI31X1TS | 
     |           U5514/Y |   AOI31X1TS | 
     |           U3495/A |     INVX2TS | 
     |           U3495/Y |     INVX2TS | 
     |           U4147/C |    NOR3X1TS | 
     |           U4147/Y |    NOR3X1TS | 
     |          U5423/A0 |   AOI31X1TS | 
     |           U5423/Y |   AOI31X1TS | 
     |           U3491/A |     INVX2TS | 
     |           U3491/Y |     INVX2TS | 
     |           U3914/C |    NOR3X1TS | 
     |           U3914/Y |    NOR3X1TS | 
     |          U5706/A0 |   AOI31X1TS | 
     |           U5706/Y |   AOI31X1TS | 
     |           U3487/A |     INVX2TS | 
     |           U3487/Y |     INVX2TS | 
     |           U3913/C |     OR3X1TS | 
     |           U3913/Y |     OR3X1TS | 
     |           U5848/A |     INVX2TS | 
     |           U5848/Y |     INVX2TS | 
     |          U5531/A0 |   AOI31X1TS | 
     |           U5531/Y |   AOI31X1TS | 
     |           U3483/A |     INVX2TS | 
     |           U3483/Y |     INVX2TS | 
     |           U3912/C |     OR3X1TS | 
     |           U3912/Y |     OR3X1TS | 
     |           U5845/A |     INVX2TS | 
     |           U5845/Y |     INVX2TS | 
     |          U5710/A1 |   AOI31X1TS | 
     |           U5710/Y |   AOI31X1TS | 
     |           U3479/A |     INVX2TS | 
     |           U3479/Y |     INVX2TS | 
     |           U3916/C |    NOR3X1TS | 
     |           U3916/Y |    NOR3X1TS | 
     |          U5535/A1 |   AOI31X1TS | 
     |           U5535/Y |   AOI31X1TS | 
     |           U3475/A |     INVX2TS | 
     |           U3475/Y |     INVX2TS | 
     |           U3924/C |    NOR3X1TS | 
     |           U3924/Y |    NOR3X1TS | 
     |           U3470/A |     INVX1TS | 
     |           U3470/Y |     INVX1TS | 
     |           U5441/A |    NOR4XLTS | 
     |           U5441/Y |    NOR4XLTS | 
     |          U5443/A0 |    AO21X1TS | 
     |           U5443/Y |    AO21X1TS | 
     |         U3951/A1N | AOI2BB1X1TS | 
     |           U3951/Y | AOI2BB1X1TS | 
     |           U5637/B |   NOR2BX1TS | 
     |           U5637/Y |   NOR2BX1TS | 
     |          U5749/A1 |   AOI31X1TS | 
     |           U5749/Y |   AOI31X1TS | 
     |           U5228/A |   NAND2X1TS | 
     |           U5228/Y |   NAND2X1TS | 
     +---------------------------------+ 
--> WARNING: The arc from 'U5228/A' to 'U5228/Y' has been cut  <TA-113>.
--> WARNING: A timing loop was found in the design. <TA-112>.
    Info:    Description of timing loop follows: <TA-114>.
     +----------------------+ 
     |   Pin    |   Cell    | 
     |----------+-----------| 
     |  U4640/Y |  NOR2X1TS | 
     | U5696/A1 | AOI31X1TS | 
     |  U5696/Y | AOI31X1TS | 
     | U2648/A1 | AOI21X1TS | 
     |  U2648/Y | AOI21X1TS | 
     |  U5517/B |  XOR2XLTS | 
     |  U5517/Y |  XOR2XLTS | 
     |  U5519/A |  XOR2X1TS | 
     |  U5519/Y |  XOR2X1TS | 
     |  U5520/B |  XOR2XLTS | 
     |  U5520/Y |  XOR2XLTS | 
     |  U5524/A |  XOR2X1TS | 
     |  U5524/Y |  XOR2X1TS | 
     |  U5525/B |  XOR2X1TS | 
     |  U5525/Y |  XOR2X1TS | 
     |  U5526/B |  XOR2X1TS | 
     |  U5526/Y |  XOR2X1TS | 
     |  U5529/A |  XOR2X1TS | 
     |  U5529/Y |  XOR2X1TS | 
     | U3945/B0 | AOI21X1TS | 
     |  U3945/Y | AOI21X1TS | 
     |  U4640/A |  NOR2X1TS | 
     |  U4640/Y |  NOR2X1TS | 
     +----------------------+ 
--> WARNING: The arc from 'U4640/A' to 'U4640/Y' has been cut  <TA-113>.
--> WARNING: A timing loop was found in the design. <TA-112>.
    Info:    Description of timing loop follows: <TA-114>.
     +----------------------+ 
     |   Pin    |   Cell    | 
     |----------+-----------| 
     |  U5297/Y |  NOR2X1TS | 
     | U5745/A1 | AOI31X1TS | 
     |  U5745/Y | AOI31X1TS | 
     | U2017/A1 | AOI21X1TS | 
     |  U2017/Y | AOI21X1TS | 
     |  U5641/B |  XOR2X1TS | 
     |  U5641/Y |  XOR2X1TS | 
     |  U5643/A |  XOR2X1TS | 
     |  U5643/Y |  XOR2X1TS | 
     |  U5644/B |  XOR2XLTS | 
     |  U5644/Y |  XOR2XLTS | 
     |  U5646/A |  XOR2X1TS | 
     |  U5646/Y |  XOR2X1TS | 
     |  U5648/B |  XOR2X1TS | 
     |  U5648/Y |  XOR2X1TS | 
     |  U5649/B |  XOR2X1TS | 
     |  U5649/Y |  XOR2X1TS | 
     |  U5652/A |  XOR2X1TS | 
     |  U5652/Y |  XOR2X1TS | 
     | U5298/B0 | AOI21X1TS | 
     |  U5298/Y | AOI21X1TS | 
     |  U5297/A |  NOR2X1TS | 
     |  U5297/Y |  NOR2X1TS | 
     +----------------------+ 
--> WARNING: The arc from 'U5297/A' to 'U5297/Y' has been cut  <TA-113>.
--> WARNING: A timing loop was found in the design. <TA-112>.
    Info:    Description of timing loop follows: <TA-114>.
     +------------------------+ 
     |   Pin    |    Cell     | 
     |----------+-------------| 
     |  U5747/Y |   AOI31X1TS | 
     | U1094/A1 |   AOI21X1TS | 
     |  U1094/Y |   AOI21X1TS | 
     |  U5427/B |    XOR2X1TS | 
     |  U5427/Y |    XOR2X1TS | 
     |  U5429/A |    XOR2X1TS | 
     |  U5429/Y |    XOR2X1TS | 
     |  U5430/B |    XOR2X1TS | 
     |  U5430/Y |    XOR2X1TS | 
     |  U5434/A |    XOR2X1TS | 
     |  U5434/Y |    XOR2X1TS | 
     |  U5435/B |    XOR2X1TS | 
     |  U5435/Y |    XOR2X1TS | 
     |  U5439/A |    XOR2X1TS | 
     |  U5439/Y |    XOR2X1TS | 
     |  U5440/A |    XOR2X1TS | 
     |  U5440/Y |    XOR2X1TS | 
     | U3949/B0 | AOI2BB1X1TS | 
     |  U3949/Y | AOI2BB1X1TS | 
     |  U5552/B |   NOR2BX1TS | 
     |  U5552/Y |   NOR2BX1TS | 
     | U5747/A1 |   AOI31X1TS | 
     |  U5747/Y |   AOI31X1TS | 
     +------------------------+ 
--> WARNING: The arc from 'U5747/A1' to 'U5747/Y' has been cut  <TA-113>.
--> WARNING: A timing loop was found in the design. <TA-112>.
    Info:    Description of timing loop follows: <TA-114>.
     +------------------------+ 
     |   Pin    |    Cell     | 
     |----------+-------------| 
     |  U5749/Y |   AOI31X1TS | 
     |  U950/A1 |   AOI21X1TS | 
     |   U950/Y |   AOI21X1TS | 
     |  U5461/B |    XOR2X1TS | 
     |  U5461/Y |    XOR2X1TS | 
     |  U5463/A |    XOR2X1TS | 
     |  U5463/Y |    XOR2X1TS | 
     |  U5464/B |    XOR2X1TS | 
     |  U5464/Y |    XOR2X1TS | 
     |  U5466/A |    XOR2X1TS | 
     |  U5466/Y |    XOR2X1TS | 
     |  U5469/B |    XOR2X1TS | 
     |  U5469/Y |    XOR2X1TS | 
     |  U5471/A |    XOR2X1TS | 
     |  U5471/Y |    XOR2X1TS | 
     |  U5472/A |    XOR2X1TS | 
     |  U5472/Y |    XOR2X1TS | 
     | U3951/B0 | AOI2BB1X1TS | 
     |  U3951/Y | AOI2BB1X1TS | 
     |  U5637/B |   NOR2BX1TS | 
     |  U5637/Y |   NOR2BX1TS | 
     | U5749/A1 |   AOI31X1TS | 
     |  U5749/Y |   AOI31X1TS | 
     +------------------------+ 
--> WARNING: The arc from 'U5749/A1' to 'U5749/Y' has been cut  <TA-113>.
