###############################################################
#  Generated by:      Cadence First Encounter 08.10-s273_1
#  OS:                Linux x86_64(Host ID micro9)
#  Generated on:      Tue May 14 04:25:17 2013
#  Command:           verifyConnectivity -type all
###############################################################
Verify Connectivity Report

Net VDD: antenna at (0.000000,13.600000) (0.000000,13.600000) on layer: M1
Net VDD: antenna at (0.000000,20.800000) (0.000000,20.800000) on layer: M1
Net VDD: antenna at (0.000000,28.000000) (0.000000,28.000000) on layer: M1
Net VDD: antenna at (0.000000,35.200000) (0.000000,35.200000) on layer: M1
Net VDD: antenna at (0.000000,42.400000) (0.000000,42.400000) on layer: M1
Net VDD: antenna at (0.000000,56.800000) (0.000000,56.800000) on layer: M1
Net VDD: antenna at (0.000000,49.600000) (0.000000,49.600000) on layer: M1
Net VDD: antenna at (0.000000,64.000000) (0.000000,64.000000) on layer: M1
Net VDD: antenna at (0.000000,71.200000) (0.000000,71.200000) on layer: M1
Net VDD: antenna at (0.000000,78.400000) (0.000000,78.400000) on layer: M1
Net VDD: antenna at (0.000000,85.600000) (0.000000,85.600000) on layer: M1
Net VDD: antenna at (0.000000,92.800000) (0.000000,92.800000) on layer: M1
Net VDD: antenna at (0.000000,107.200000) (0.000000,107.200000) on layer: M1
Net VDD: antenna at (0.000000,100.000000) (0.000000,100.000000) on layer: M1
Net VDD: antenna at (0.000000,121.600000) (0.000000,121.600000) on layer: M1
Net VDD: antenna at (0.000000,114.400000) (0.000000,114.400000) on layer: M1
Net VDD: antenna at (0.000000,128.800000) (0.000000,128.800000) on layer: M1
Net VDD: antenna at (0.000000,136.000000) (0.000000,136.000000) on layer: M1
Net VDD: antenna at (0.000000,143.200000) (0.000000,143.200000) on layer: M1
Net VDD: antenna at (0.000000,150.400000) (0.000000,150.400000) on layer: M1
Net VDD: antenna at (0.000000,157.600000) (0.000000,157.600000) on layer: M1
Net VDD: antenna at (0.000000,164.800000) (0.000000,164.800000) on layer: M1
Net VDD: antenna at (0.000000,172.000000) (0.000000,172.000000) on layer: M1
Net VDD: antenna at (0.000000,179.200000) (0.000000,179.200000) on layer: M1
Net VDD: antenna at (0.000000,186.400000) (0.000000,186.400000) on layer: M1
Net VDD: antenna at (0.000000,193.600000) (0.000000,193.600000) on layer: M1
Net VDD: antenna at (0.000000,200.800000) (0.000000,200.800000) on layer: M1
Net VDD: antenna at (0.000000,215.200000) (0.000000,215.200000) on layer: M1
Net VDD: antenna at (0.000000,208.000000) (0.000000,208.000000) on layer: M1
Net VDD: antenna at (0.000000,222.400000) (0.000000,222.400000) on layer: M1
Net VDD: antenna at (0.000000,229.600000) (0.000000,229.600000) on layer: M1
Net VDD: antenna at (0.000000,236.800000) (0.000000,236.800000) on layer: M1
Net VDD: antenna at (0.000000,244.000000) (0.000000,244.000000) on layer: M1
Net VDD: antenna at (0.000000,251.200000) (0.000000,251.200000) on layer: M1
Net VDD: antenna at (0.000000,258.400000) (0.000000,258.400000) on layer: M1
Net VDD: antenna at (0.000000,265.600000) (0.000000,265.600000) on layer: M1
Net VDD: antenna at (0.000000,272.800000) (0.000000,272.800000) on layer: M1
Net VDD: antenna at (0.000000,280.000000) (0.000000,280.000000) on layer: M1
Net VDD: antenna at (0.000000,287.200000) (0.000000,287.200000) on layer: M1
Net VDD: antenna at (0.000000,294.400000) (0.000000,294.400000) on layer: M1
Net VDD: antenna at (0.000000,301.600000) (0.000000,301.600000) on layer: M1
Net VDD: antenna at (0.000000,308.800000) (0.000000,308.800000) on layer: M1
Net VDD: antenna at (0.000000,316.000000) (0.000000,316.000000) on layer: M1
Net VDD: antenna at (0.000000,323.200000) (0.000000,323.200000) on layer: M1
Net VDD: antenna at (0.000000,330.400000) (0.000000,330.400000) on layer: M1
Net VDD: antenna at (0.000000,337.600000) (0.000000,337.600000) on layer: M1
Net VDD: antenna at (0.000000,344.800000) (0.000000,344.800000) on layer: M1
Net VDD: antenna at (0.000000,352.000000) (0.000000,352.000000) on layer: M1
Net VDD: antenna at (0.000000,359.200000) (0.000000,359.200000) on layer: M1
Net VDD: antenna at (0.000000,366.400000) (0.000000,366.400000) on layer: M1
Net VDD: antenna at (0.000000,373.600000) (0.000000,373.600000) on layer: M1
Net VDD: antenna at (0.000000,380.800000) (0.000000,380.800000) on layer: M1
Net VDD: antenna at (0.000000,388.000000) (0.000000,388.000000) on layer: M1
Net VDD: antenna at (0.000000,395.200000) (0.000000,395.200000) on layer: M1
Net VDD: antenna at (0.000000,402.400000) (0.000000,402.400000) on layer: M1
Net VDD: antenna at (0.000000,409.600000) (0.000000,409.600000) on layer: M1
Net VDD: antenna at (0.000000,416.800000) (0.000000,416.800000) on layer: M1
Net VDD: antenna at (0.000000,424.000000) (0.000000,424.000000) on layer: M1
Net VDD: antenna at (0.000000,431.200000) (0.000000,431.200000) on layer: M1
Net VDD: antenna at (0.000000,438.400000) (0.000000,438.400000) on layer: M1
Net VDD: antenna at (0.000000,452.800000) (0.000000,452.800000) on layer: M1
Net VDD: antenna at (0.000000,445.600000) (0.000000,445.600000) on layer: M1
Net VDD: antenna at (0.000000,460.000000) (0.000000,460.000000) on layer: M1
Net VDD: antenna at (0.000000,467.200000) (0.000000,467.200000) on layer: M1
Net VDD: antenna at (0.000000,474.400000) (0.000000,474.400000) on layer: M1
Net VDD: antenna at (0.000000,481.600000) (0.000000,481.600000) on layer: M1
Net VDD: antenna at (0.000000,488.800000) (0.000000,488.800000) on layer: M1
Net VDD: antenna at (0.000000,496.000000) (0.000000,496.000000) on layer: M1
Net VDD: antenna at (0.000000,503.200000) (0.000000,503.200000) on layer: M1
Net VDD: antenna at (0.000000,517.600000) (0.000000,517.600000) on layer: M1
Net VDD: antenna at (0.000000,510.400000) (0.000000,510.400000) on layer: M1
Net VDD: antenna at (0.000000,524.800000) (0.000000,524.800000) on layer: M1
Net VDD: antenna at (0.000000,532.000000) (0.000000,532.000000) on layer: M1
Net VDD: antenna at (0.000000,539.200000) (0.000000,539.200000) on layer: M1
Net VDD: antenna at (0.000000,546.400000) (0.000000,546.400000) on layer: M1
Net VDD: antenna at (0.000000,560.800000) (0.000000,560.800000) on layer: M1
Net VDD: antenna at (0.000000,553.600000) (0.000000,553.600000) on layer: M1
Net VDD: antenna at (0.000000,568.000000) (0.000000,568.000000) on layer: M1
Net VDD: antenna at (0.000000,575.200000) (0.000000,575.200000) on layer: M1
Net VDD: antenna at (0.000000,582.400000) (0.000000,582.400000) on layer: M1
Net VDD: antenna at (0.000000,589.600000) (0.000000,589.600000) on layer: M1
Net VDD: antenna at (0.000000,596.800000) (0.000000,596.800000) on layer: M1
Net VDD: antenna at (0.000000,611.200000) (0.000000,611.200000) on layer: M1
Net VDD: antenna at (0.000000,604.000000) (0.000000,604.000000) on layer: M1
Net VDD: antenna at (0.000000,625.600000) (0.000000,625.600000) on layer: M1
Net VDD: antenna at (0.000000,618.400000) (0.000000,618.400000) on layer: M1
Net VDD: antenna at (0.000000,632.800000) (0.000000,632.800000) on layer: M1
Net VDD: antenna at (0.000000,640.000000) (0.000000,640.000000) on layer: M1
Net VDD: antenna at (0.000000,647.200000) (0.000000,647.200000) on layer: M1
Net VDD: antenna at (0.000000,654.400000) (0.000000,654.400000) on layer: M1
Net VDD: antenna at (0.000000,661.600000) (0.000000,661.600000) on layer: M1
Net VDD: antenna at (0.000000,676.000000) (0.000000,676.000000) on layer: M1
Net VDD: antenna at (0.000000,668.800000) (0.000000,668.800000) on layer: M1
Net VDD: antenna at (0.000000,683.200000) (0.000000,683.200000) on layer: M1
Net VDD: antenna at (0.000000,690.400000) (0.000000,690.400000) on layer: M1
Net VDD: antenna at (0.000000,697.600000) (0.000000,697.600000) on layer: M1
Net VDD: antenna at (0.000000,704.800000) (0.000000,704.800000) on layer: M1
Net VDD: antenna at (0.000000,719.200000) (0.000000,719.200000) on layer: M1
Net VDD: antenna at (0.000000,712.000000) (0.000000,712.000000) on layer: M1
Net VDD: antenna at (0.000000,733.600000) (0.000000,733.600000) on layer: M1
Net VDD: antenna at (0.000000,726.400000) (0.000000,726.400000) on layer: M1
Net VDD: antenna at (0.000000,740.800000) (0.000000,740.800000) on layer: M1
Net VDD: antenna at (0.000000,748.000000) (0.000000,748.000000) on layer: M1
Net VDD: antenna at (0.000000,755.200000) (0.000000,755.200000) on layer: M1
Net VDD: antenna at (0.000000,762.400000) (0.000000,762.400000) on layer: M1
Net VDD: antenna at (0.000000,769.600000) (0.000000,769.600000) on layer: M1
Net VDD: antenna at (0.000000,784.000000) (0.000000,784.000000) on layer: M1
Net VDD: antenna at (0.000000,776.800000) (0.000000,776.800000) on layer: M1
Net VDD: antenna at (0.000000,798.400000) (0.000000,798.400000) on layer: M1
Net VDD: antenna at (0.000000,791.200000) (0.000000,791.200000) on layer: M1
Net VDD: antenna at (0.000000,805.600000) (0.000000,805.600000) on layer: M1
Net VDD: antenna at (0.000000,812.800000) (0.000000,812.800000) on layer: M1
Net VDD: antenna at (0.000000,820.000000) (0.000000,820.000000) on layer: M1
Net VDD: antenna at (0.000000,834.400000) (0.000000,834.400000) on layer: M1
Net VDD: antenna at (0.000000,827.200000) (0.000000,827.200000) on layer: M1
Net VDD: antenna at (0.000000,848.800000) (0.000000,848.800000) on layer: M1
Net VDD: antenna at (0.000000,841.600000) (0.000000,841.600000) on layer: M1
Net VDD: antenna at (0.000000,863.200000) (0.000000,863.200000) on layer: M1
Net VDD: antenna at (0.000000,856.000000) (0.000000,856.000000) on layer: M1
Net VDD: antenna at (0.000000,870.400000) (0.000000,870.400000) on layer: M1
Net VDD: antenna at (0.000000,877.600000) (0.000000,877.600000) on layer: M1
Net VDD: antenna at (0.000000,892.000000) (0.000000,892.000000) on layer: M1
Net VDD: antenna at (0.000000,884.800000) (0.000000,884.800000) on layer: M1
Net VDD: antenna at (0.000000,899.200000) (0.000000,899.200000) on layer: M1
Net VDD: antenna at (0.000000,913.600000) (0.000000,913.600000) on layer: M1
Net VDD: antenna at (0.000000,906.400000) (0.000000,906.400000) on layer: M1
Net VDD: antenna at (0.000000,920.800000) (0.000000,920.800000) on layer: M1
Net VDD: antenna at (0.000000,928.000000) (0.000000,928.000000) on layer: M1
Net VDD: antenna at (0.000000,942.400000) (0.000000,942.400000) on layer: M1
Net VDD: antenna at (0.000000,935.200000) (0.000000,935.200000) on layer: M1
Net VDD: antenna at (0.000000,956.800000) (0.000000,956.800000) on layer: M1
Net VDD: antenna at (0.000000,949.600000) (0.000000,949.600000) on layer: M1
Net VDD: antenna at (0.000000,964.000000) (0.000000,964.000000) on layer: M1
Net VDD: antenna at (0.000000,971.200000) (0.000000,971.200000) on layer: M1
Net VDD: antenna at (0.000000,978.400000) (0.000000,978.400000) on layer: M1
Net VDD: antenna at (0.000000,992.800000) (0.000000,992.800000) on layer: M1
Net VDD: antenna at (0.000000,985.600000) (0.000000,985.600000) on layer: M1
Net VDD: antenna at (0.000000,1007.200000) (0.000000,1007.200000) on layer: M1
Net VDD: antenna at (0.000000,1000.000000) (0.000000,1000.000000) on layer: M1
Net VDD: antenna at (5020.000000,13.600000) (5020.000000,13.600000) on layer: M1
Net VDD: antenna at (5020.000000,20.800000) (5020.000000,20.800000) on layer: M1
Net VDD: antenna at (5020.000000,28.000000) (5020.000000,28.000000) on layer: M1
Net VDD: antenna at (5020.000000,35.200000) (5020.000000,35.200000) on layer: M1
Net VDD: antenna at (5020.000000,42.400000) (5020.000000,42.400000) on layer: M1
Net VDD: antenna at (5020.000000,49.600000) (5020.000000,49.600000) on layer: M1
Net VDD: antenna at (5020.000000,56.800000) (5020.000000,56.800000) on layer: M1
Net VDD: antenna at (5020.000000,64.000000) (5020.000000,64.000000) on layer: M1
Net VDD: antenna at (5020.000000,71.200000) (5020.000000,71.200000) on layer: M1
Net VDD: antenna at (5020.000000,78.400000) (5020.000000,78.400000) on layer: M1
Net VDD: antenna at (5020.000000,85.600000) (5020.000000,85.600000) on layer: M1
Net VDD: antenna at (5020.000000,92.800000) (5020.000000,92.800000) on layer: M1
Net VDD: antenna at (5020.000000,100.000000) (5020.000000,100.000000) on layer: M1
Net VDD: antenna at (5020.000000,107.200000) (5020.000000,107.200000) on layer: M1
Net VDD: antenna at (5020.000000,114.400000) (5020.000000,114.400000) on layer: M1
Net VDD: antenna at (5020.000000,121.600000) (5020.000000,121.600000) on layer: M1
Net VDD: antenna at (5020.000000,128.800000) (5020.000000,128.800000) on layer: M1
Net VDD: antenna at (5020.000000,136.000000) (5020.000000,136.000000) on layer: M1
Net VDD: antenna at (5020.000000,143.200000) (5020.000000,143.200000) on layer: M1
Net VDD: antenna at (5020.000000,150.400000) (5020.000000,150.400000) on layer: M1
Net VDD: antenna at (5020.000000,157.600000) (5020.000000,157.600000) on layer: M1
Net VDD: antenna at (5020.000000,164.800000) (5020.000000,164.800000) on layer: M1
Net VDD: antenna at (5020.000000,172.000000) (5020.000000,172.000000) on layer: M1
Net VDD: antenna at (5020.000000,179.200000) (5020.000000,179.200000) on layer: M1
Net VDD: antenna at (5020.000000,186.400000) (5020.000000,186.400000) on layer: M1
Net VDD: antenna at (5020.000000,193.600000) (5020.000000,193.600000) on layer: M1
Net VDD: antenna at (5020.000000,200.800000) (5020.000000,200.800000) on layer: M1
Net VDD: antenna at (5020.000000,208.000000) (5020.000000,208.000000) on layer: M1
Net VDD: antenna at (5020.000000,215.200000) (5020.000000,215.200000) on layer: M1
Net VDD: antenna at (5020.000000,222.400000) (5020.000000,222.400000) on layer: M1
Net VDD: antenna at (5020.000000,229.600000) (5020.000000,229.600000) on layer: M1
Net VDD: antenna at (5020.000000,236.800000) (5020.000000,236.800000) on layer: M1
Net VDD: antenna at (5020.000000,244.000000) (5020.000000,244.000000) on layer: M1
Net VDD: antenna at (5020.000000,251.200000) (5020.000000,251.200000) on layer: M1
Net VDD: antenna at (5020.000000,258.400000) (5020.000000,258.400000) on layer: M1
Net VDD: antenna at (5020.000000,265.600000) (5020.000000,265.600000) on layer: M1
Net VDD: antenna at (5020.000000,272.800000) (5020.000000,272.800000) on layer: M1
Net VDD: antenna at (5020.000000,280.000000) (5020.000000,280.000000) on layer: M1
Net VDD: antenna at (5020.000000,287.200000) (5020.000000,287.200000) on layer: M1
Net VDD: antenna at (5020.000000,294.400000) (5020.000000,294.400000) on layer: M1
Net VDD: antenna at (5020.000000,301.600000) (5020.000000,301.600000) on layer: M1
Net VDD: antenna at (5020.000000,308.800000) (5020.000000,308.800000) on layer: M1
Net VDD: antenna at (5020.000000,316.000000) (5020.000000,316.000000) on layer: M1
Net VDD: antenna at (5020.000000,323.200000) (5020.000000,323.200000) on layer: M1
Net VDD: antenna at (5020.000000,330.400000) (5020.000000,330.400000) on layer: M1
Net VDD: antenna at (5020.000000,337.600000) (5020.000000,337.600000) on layer: M1
Net VDD: antenna at (5020.000000,344.800000) (5020.000000,344.800000) on layer: M1
Net VDD: antenna at (5020.000000,352.000000) (5020.000000,352.000000) on layer: M1
Net VDD: antenna at (5020.000000,359.200000) (5020.000000,359.200000) on layer: M1
Net VDD: antenna at (5020.000000,366.400000) (5020.000000,366.400000) on layer: M1
Net VDD: antenna at (5020.000000,373.600000) (5020.000000,373.600000) on layer: M1
Net VDD: antenna at (5020.000000,380.800000) (5020.000000,380.800000) on layer: M1
Net VDD: antenna at (5020.000000,388.000000) (5020.000000,388.000000) on layer: M1
Net VDD: antenna at (5020.000000,395.200000) (5020.000000,395.200000) on layer: M1
Net VDD: antenna at (5020.000000,402.400000) (5020.000000,402.400000) on layer: M1
Net VDD: antenna at (5020.000000,409.600000) (5020.000000,409.600000) on layer: M1
Net VDD: antenna at (5020.000000,416.800000) (5020.000000,416.800000) on layer: M1
Net VDD: antenna at (5020.000000,424.000000) (5020.000000,424.000000) on layer: M1
Net VDD: antenna at (5020.000000,431.200000) (5020.000000,431.200000) on layer: M1
Net VDD: antenna at (5020.000000,438.400000) (5020.000000,438.400000) on layer: M1
Net VDD: antenna at (5020.000000,445.600000) (5020.000000,445.600000) on layer: M1
Net VDD: antenna at (5020.000000,452.800000) (5020.000000,452.800000) on layer: M1
Net VDD: antenna at (5020.000000,460.000000) (5020.000000,460.000000) on layer: M1
Net VDD: antenna at (5020.000000,467.200000) (5020.000000,467.200000) on layer: M1
Net VDD: antenna at (5020.000000,474.400000) (5020.000000,474.400000) on layer: M1
Net VDD: antenna at (5020.000000,481.600000) (5020.000000,481.600000) on layer: M1
Net VDD: antenna at (5020.000000,488.800000) (5020.000000,488.800000) on layer: M1
Net VDD: antenna at (5020.000000,496.000000) (5020.000000,496.000000) on layer: M1
Net VDD: antenna at (5020.000000,503.200000) (5020.000000,503.200000) on layer: M1
Net VDD: antenna at (5020.000000,510.400000) (5020.000000,510.400000) on layer: M1
Net VDD: antenna at (5020.000000,517.600000) (5020.000000,517.600000) on layer: M1
Net VDD: antenna at (5020.000000,532.000000) (5020.000000,532.000000) on layer: M1
Net VDD: antenna at (5020.000000,524.800000) (5020.000000,524.800000) on layer: M1
Net VDD: antenna at (5020.000000,539.200000) (5020.000000,539.200000) on layer: M1
Net VDD: antenna at (5020.000000,546.400000) (5020.000000,546.400000) on layer: M1
Net VDD: antenna at (5020.000000,553.600000) (5020.000000,553.600000) on layer: M1
Net VDD: antenna at (5020.000000,560.800000) (5020.000000,560.800000) on layer: M1
Net VDD: antenna at (5020.000000,568.000000) (5020.000000,568.000000) on layer: M1
Net VDD: antenna at (5020.000000,575.200000) (5020.000000,575.200000) on layer: M1
Net VDD: antenna at (5020.000000,582.400000) (5020.000000,582.400000) on layer: M1
Net VDD: antenna at (5020.000000,596.800000) (5020.000000,596.800000) on layer: M1
Net VDD: antenna at (5020.000000,589.600000) (5020.000000,589.600000) on layer: M1
Net VDD: antenna at (5020.000000,611.200000) (5020.000000,611.200000) on layer: M1
Net VDD: antenna at (5020.000000,604.000000) (5020.000000,604.000000) on layer: M1
Net VDD: antenna at (5020.000000,618.400000) (5020.000000,618.400000) on layer: M1
Net VDD: antenna at (5020.000000,625.600000) (5020.000000,625.600000) on layer: M1
Net VDD: antenna at (5020.000000,640.000000) (5020.000000,640.000000) on layer: M1
Net VDD: antenna at (5020.000000,632.800000) (5020.000000,632.800000) on layer: M1
Net VDD: antenna at (5020.000000,647.200000) (5020.000000,647.200000) on layer: M1
Net VDD: antenna at (5020.000000,654.400000) (5020.000000,654.400000) on layer: M1
Net VDD: antenna at (5020.000000,661.600000) (5020.000000,661.600000) on layer: M1
Net VDD: antenna at (5020.000000,676.000000) (5020.000000,676.000000) on layer: M1
Net VDD: antenna at (5020.000000,668.800000) (5020.000000,668.800000) on layer: M1
Net VDD: antenna at (5020.000000,683.200000) (5020.000000,683.200000) on layer: M1
Net VDD: antenna at (5020.000000,690.400000) (5020.000000,690.400000) on layer: M1
Net VDD: antenna at (5020.000000,697.600000) (5020.000000,697.600000) on layer: M1
Net VDD: antenna at (5020.000000,704.800000) (5020.000000,704.800000) on layer: M1
Net VDD: antenna at (5020.000000,712.000000) (5020.000000,712.000000) on layer: M1
Net VDD: antenna at (5020.000000,719.200000) (5020.000000,719.200000) on layer: M1
Net VDD: antenna at (5020.000000,733.600000) (5020.000000,733.600000) on layer: M1
Net VDD: antenna at (5020.000000,740.800000) (5020.000000,740.800000) on layer: M1
Net VDD: antenna at (5020.000000,726.400000) (5020.000000,726.400000) on layer: M1
Net VDD: antenna at (5020.000000,748.000000) (5020.000000,748.000000) on layer: M1
Net VDD: antenna at (5020.000000,755.200000) (5020.000000,755.200000) on layer: M1
Net VDD: antenna at (5020.000000,762.400000) (5020.000000,762.400000) on layer: M1
Net VDD: antenna at (5020.000000,769.600000) (5020.000000,769.600000) on layer: M1
Net VDD: antenna at (5020.000000,776.800000) (5020.000000,776.800000) on layer: M1
Net VDD: antenna at (5020.000000,784.000000) (5020.000000,784.000000) on layer: M1
Net VDD: antenna at (5020.000000,798.400000) (5020.000000,798.400000) on layer: M1
Net VDD: antenna at (5020.000000,791.200000) (5020.000000,791.200000) on layer: M1
Net VDD: antenna at (5020.000000,805.600000) (5020.000000,805.600000) on layer: M1
Net VDD: antenna at (5020.000000,812.800000) (5020.000000,812.800000) on layer: M1
Net VDD: antenna at (5020.000000,820.000000) (5020.000000,820.000000) on layer: M1
Net VDD: antenna at (5020.000000,834.400000) (5020.000000,834.400000) on layer: M1
Net VDD: antenna at (5020.000000,827.200000) (5020.000000,827.200000) on layer: M1
Net VDD: antenna at (5020.000000,848.800000) (5020.000000,848.800000) on layer: M1
Net VDD: antenna at (5020.000000,841.600000) (5020.000000,841.600000) on layer: M1
Net VDD: antenna at (5020.000000,856.000000) (5020.000000,856.000000) on layer: M1
Net VDD: antenna at (5020.000000,863.200000) (5020.000000,863.200000) on layer: M1
Net VDD: antenna at (5020.000000,877.600000) (5020.000000,877.600000) on layer: M1
Net VDD: antenna at (5020.000000,870.400000) (5020.000000,870.400000) on layer: M1
Net VDD: antenna at (5020.000000,884.800000) (5020.000000,884.800000) on layer: M1
Net VDD: antenna at (5020.000000,892.000000) (5020.000000,892.000000) on layer: M1
Net VDD: antenna at (5020.000000,899.200000) (5020.000000,899.200000) on layer: M1
Net VDD: antenna at (5020.000000,906.400000) (5020.000000,906.400000) on layer: M1
Net VDD: antenna at (5020.000000,913.600000) (5020.000000,913.600000) on layer: M1
Net VDD: antenna at (5020.000000,920.800000) (5020.000000,920.800000) on layer: M1
Net VDD: antenna at (5020.000000,928.000000) (5020.000000,928.000000) on layer: M1
Net VDD: antenna at (5020.000000,935.200000) (5020.000000,935.200000) on layer: M1
Net VDD: antenna at (5020.000000,942.400000) (5020.000000,942.400000) on layer: M1
Net VDD: antenna at (5020.000000,949.600000) (5020.000000,949.600000) on layer: M1
Net VDD: antenna at (5020.000000,956.800000) (5020.000000,956.800000) on layer: M1
Net VDD: antenna at (5020.000000,964.000000) (5020.000000,964.000000) on layer: M1
Net VDD: antenna at (5020.000000,971.200000) (5020.000000,971.200000) on layer: M1
Net VDD: antenna at (5020.000000,978.400000) (5020.000000,978.400000) on layer: M1
Net VDD: antenna at (5020.000000,992.800000) (5020.000000,992.800000) on layer: M1
Net VDD: antenna at (5020.000000,985.600000) (5020.000000,985.600000) on layer: M1
Net VDD: antenna at (5020.000000,1000.000000) (5020.000000,1000.000000) on layer: M1
Net VDD: antenna at (5020.000000,1007.200000) (5020.000000,1007.200000) on layer: M1
Net VDD: antenna at (0.000000,1021.600000) (0.000000,1021.600000) on layer: M1
Net VDD: antenna at (0.000000,1014.400000) (0.000000,1014.400000) on layer: M1
Net VDD: antenna at (0.000000,1028.800000) (0.000000,1028.800000) on layer: M1
Net VDD: antenna at (0.000000,1036.000000) (0.000000,1036.000000) on layer: M1
Net VDD: antenna at (0.000000,1043.200000) (0.000000,1043.200000) on layer: M1
Net VDD: antenna at (0.000000,1050.400000) (0.000000,1050.400000) on layer: M1
Net VDD: antenna at (0.000000,1057.600000) (0.000000,1057.600000) on layer: M1
Net VDD: antenna at (0.000000,1064.800000) (0.000000,1064.800000) on layer: M1
Net VDD: antenna at (0.000000,1072.000000) (0.000000,1072.000000) on layer: M1
Net VDD: antenna at (0.000000,1086.400000) (0.000000,1086.400000) on layer: M1
Net VDD: antenna at (0.000000,1079.200000) (0.000000,1079.200000) on layer: M1
Net VDD: antenna at (0.000000,1093.600000) (0.000000,1093.600000) on layer: M1
Net VDD: antenna at (0.000000,1100.800000) (0.000000,1100.800000) on layer: M1
Net VDD: antenna at (0.000000,1115.200000) (0.000000,1115.200000) on layer: M1
Net VDD: antenna at (0.000000,1108.000000) (0.000000,1108.000000) on layer: M1
Net VDD: antenna at (0.000000,1129.600000) (0.000000,1129.600000) on layer: M1
Net VDD: antenna at (0.000000,1122.400000) (0.000000,1122.400000) on layer: M1
Net VDD: antenna at (0.000000,1144.000000) (0.000000,1144.000000) on layer: M1
Net VDD: antenna at (0.000000,1136.800000) (0.000000,1136.800000) on layer: M1
Net VDD: antenna at (0.000000,1151.200000) (0.000000,1151.200000) on layer: M1
Net VDD: antenna at (0.000000,1165.600000) (0.000000,1165.600000) on layer: M1
Net VDD: antenna at (0.000000,1158.400000) (0.000000,1158.400000) on layer: M1
Net VDD: antenna at (0.000000,1172.800000) (0.000000,1172.800000) on layer: M1
Net VDD: antenna at (0.000000,1180.000000) (0.000000,1180.000000) on layer: M1
Net VDD: antenna at (0.000000,1194.400000) (0.000000,1194.400000) on layer: M1
Net VDD: antenna at (0.000000,1187.200000) (0.000000,1187.200000) on layer: M1
Net VDD: antenna at (0.000000,1208.800000) (0.000000,1208.800000) on layer: M1
Net VDD: antenna at (0.000000,1201.600000) (0.000000,1201.600000) on layer: M1
Net VDD: antenna at (0.000000,1216.000000) (0.000000,1216.000000) on layer: M1
Net VDD: antenna at (0.000000,1223.200000) (0.000000,1223.200000) on layer: M1
Net VDD: antenna at (0.000000,1230.400000) (0.000000,1230.400000) on layer: M1
Net VDD: antenna at (0.000000,1244.800000) (0.000000,1244.800000) on layer: M1
Net VDD: antenna at (0.000000,1237.600000) (0.000000,1237.600000) on layer: M1
Net VDD: antenna at (0.000000,1259.200000) (0.000000,1259.200000) on layer: M1
Net VDD: antenna at (0.000000,1252.000000) (0.000000,1252.000000) on layer: M1
Net VDD: antenna at (0.000000,1273.600000) (0.000000,1273.600000) on layer: M1
Net VDD: antenna at (0.000000,1266.400000) (0.000000,1266.400000) on layer: M1
Net VDD: antenna at (0.000000,1280.800000) (0.000000,1280.800000) on layer: M1
Net VDD: antenna at (0.000000,1288.000000) (0.000000,1288.000000) on layer: M1
Net VDD: antenna at (0.000000,1302.400000) (0.000000,1302.400000) on layer: M1
Net VDD: antenna at (0.000000,1295.200000) (0.000000,1295.200000) on layer: M1
Net VDD: antenna at (0.000000,1309.600000) (0.000000,1309.600000) on layer: M1
Net VDD: antenna at (0.000000,1316.800000) (0.000000,1316.800000) on layer: M1
Net VDD: antenna at (0.000000,1324.000000) (0.000000,1324.000000) on layer: M1
Net VDD: antenna at (0.000000,1338.400000) (0.000000,1338.400000) on layer: M1
Net VDD: antenna at (0.000000,1331.200000) (0.000000,1331.200000) on layer: M1
Net VDD: antenna at (0.000000,1352.800000) (0.000000,1352.800000) on layer: M1
Net VDD: antenna at (0.000000,1345.600000) (0.000000,1345.600000) on layer: M1
Net VDD: antenna at (0.000000,1360.000000) (0.000000,1360.000000) on layer: M1
Net VDD: antenna at (0.000000,1367.200000) (0.000000,1367.200000) on layer: M1
Net VDD: antenna at (0.000000,1381.600000) (0.000000,1381.600000) on layer: M1
Net VDD: antenna at (0.000000,1374.400000) (0.000000,1374.400000) on layer: M1
Net VDD: antenna at (0.000000,1388.800000) (0.000000,1388.800000) on layer: M1
Net VDD: antenna at (0.000000,1396.000000) (0.000000,1396.000000) on layer: M1
Net VDD: antenna at (0.000000,1403.200000) (0.000000,1403.200000) on layer: M1
Net VDD: antenna at (0.000000,1410.400000) (0.000000,1410.400000) on layer: M1
Net VDD: antenna at (0.000000,1417.600000) (0.000000,1417.600000) on layer: M1
Net VDD: antenna at (0.000000,1432.000000) (0.000000,1432.000000) on layer: M1
Net VDD: antenna at (0.000000,1424.800000) (0.000000,1424.800000) on layer: M1
Net VDD: antenna at (0.000000,1446.400000) (0.000000,1446.400000) on layer: M1
Net VDD: antenna at (0.000000,1439.200000) (0.000000,1439.200000) on layer: M1
Net VDD: antenna at (0.000000,1453.600000) (0.000000,1453.600000) on layer: M1
Net VDD: antenna at (0.000000,1460.800000) (0.000000,1460.800000) on layer: M1
Net VDD: antenna at (0.000000,1468.000000) (0.000000,1468.000000) on layer: M1
Net VDD: antenna at (0.000000,1475.200000) (0.000000,1475.200000) on layer: M1
Net VDD: antenna at (0.000000,1482.400000) (0.000000,1482.400000) on layer: M1
Net VDD: antenna at (0.000000,1496.800000) (0.000000,1496.800000) on layer: M1
Net VDD: antenna at (0.000000,1489.600000) (0.000000,1489.600000) on layer: M1
Net VDD: antenna at (0.000000,1504.000000) (0.000000,1504.000000) on layer: M1
Net VDD: antenna at (0.000000,1511.200000) (0.000000,1511.200000) on layer: M1
Net VDD: antenna at (0.000000,1518.400000) (0.000000,1518.400000) on layer: M1
Net VDD: antenna at (0.000000,1525.600000) (0.000000,1525.600000) on layer: M1
Net VDD: antenna at (0.000000,1540.000000) (0.000000,1540.000000) on layer: M1
Net VDD: antenna at (0.000000,1532.800000) (0.000000,1532.800000) on layer: M1
Net VDD: antenna at (0.000000,1547.200000) (0.000000,1547.200000) on layer: M1
Net VDD: antenna at (0.000000,1554.400000) (0.000000,1554.400000) on layer: M1
Net VDD: antenna at (0.000000,1561.600000) (0.000000,1561.600000) on layer: M1
Net VDD: antenna at (0.000000,1568.800000) (0.000000,1568.800000) on layer: M1
Net VDD: antenna at (0.000000,1576.000000) (0.000000,1576.000000) on layer: M1
Net VDD: antenna at (0.000000,1590.400000) (0.000000,1590.400000) on layer: M1
Net VDD: antenna at (0.000000,1583.200000) (0.000000,1583.200000) on layer: M1
Net VDD: antenna at (0.000000,1597.600000) (0.000000,1597.600000) on layer: M1
Net VDD: antenna at (0.000000,1604.800000) (0.000000,1604.800000) on layer: M1
Net VDD: antenna at (0.000000,1619.200000) (0.000000,1619.200000) on layer: M1
Net VDD: antenna at (0.000000,1612.000000) (0.000000,1612.000000) on layer: M1
Net VDD: antenna at (0.000000,1626.400000) (0.000000,1626.400000) on layer: M1
Net VDD: antenna at (0.000000,1633.600000) (0.000000,1633.600000) on layer: M1
Net VDD: antenna at (0.000000,1640.800000) (0.000000,1640.800000) on layer: M1
Net VDD: antenna at (0.000000,1655.200000) (0.000000,1655.200000) on layer: M1
Net VDD: antenna at (0.000000,1648.000000) (0.000000,1648.000000) on layer: M1
Net VDD: antenna at (0.000000,1662.400000) (0.000000,1662.400000) on layer: M1
Net VDD: antenna at (0.000000,1669.600000) (0.000000,1669.600000) on layer: M1
Net VDD: antenna at (0.000000,1676.800000) (0.000000,1676.800000) on layer: M1
Net VDD: antenna at (0.000000,1684.000000) (0.000000,1684.000000) on layer: M1
Net VDD: antenna at (0.000000,1698.400000) (0.000000,1698.400000) on layer: M1
Net VDD: antenna at (0.000000,1691.200000) (0.000000,1691.200000) on layer: M1
Net VDD: antenna at (0.000000,1712.800000) (0.000000,1712.800000) on layer: M1
Net VDD: antenna at (0.000000,1705.600000) (0.000000,1705.600000) on layer: M1
Net VDD: antenna at (0.000000,1720.000000) (0.000000,1720.000000) on layer: M1
Net VDD: antenna at (0.000000,1727.200000) (0.000000,1727.200000) on layer: M1
Net VDD: antenna at (0.000000,1734.400000) (0.000000,1734.400000) on layer: M1
Net VDD: antenna at (0.000000,1741.600000) (0.000000,1741.600000) on layer: M1
Net VDD: antenna at (0.000000,1748.800000) (0.000000,1748.800000) on layer: M1
Net VDD: antenna at (0.000000,1763.200000) (0.000000,1763.200000) on layer: M1
Net VDD: antenna at (0.000000,1756.000000) (0.000000,1756.000000) on layer: M1
Net VDD: antenna at (0.000000,1777.600000) (0.000000,1777.600000) on layer: M1
Net VDD: antenna at (0.000000,1770.400000) (0.000000,1770.400000) on layer: M1
Net VDD: antenna at (0.000000,1784.800000) (0.000000,1784.800000) on layer: M1
Net VDD: antenna at (0.000000,1792.000000) (0.000000,1792.000000) on layer: M1
Net VDD: antenna at (0.000000,1799.200000) (0.000000,1799.200000) on layer: M1
Net VDD: antenna at (0.000000,1813.600000) (0.000000,1813.600000) on layer: M1
Net VDD: antenna at (0.000000,1806.400000) (0.000000,1806.400000) on layer: M1
Net VDD: antenna at (0.000000,1820.800000) (0.000000,1820.800000) on layer: M1
Net VDD: antenna at (0.000000,1828.000000) (0.000000,1828.000000) on layer: M1
Net VDD: antenna at (0.000000,1842.400000) (0.000000,1842.400000) on layer: M1
Net VDD: antenna at (0.000000,1835.200000) (0.000000,1835.200000) on layer: M1
Net VDD: antenna at (0.000000,1849.600000) (0.000000,1849.600000) on layer: M1
Net VDD: antenna at (0.000000,1856.800000) (0.000000,1856.800000) on layer: M1
Net VDD: antenna at (0.000000,1871.200000) (0.000000,1871.200000) on layer: M1
Net VDD: antenna at (0.000000,1864.000000) (0.000000,1864.000000) on layer: M1
Net VDD: antenna at (0.000000,1878.400000) (0.000000,1878.400000) on layer: M1
Net VDD: antenna at (0.000000,1885.600000) (0.000000,1885.600000) on layer: M1
Net VDD: antenna at (0.000000,1892.800000) (0.000000,1892.800000) on layer: M1
Net VDD: antenna at (0.000000,1900.000000) (0.000000,1900.000000) on layer: M1
Net VDD: antenna at (0.000000,1907.200000) (0.000000,1907.200000) on layer: M1
Net VDD: antenna at (0.000000,1914.400000) (0.000000,1914.400000) on layer: M1
Net VDD: antenna at (0.000000,1921.600000) (0.000000,1921.600000) on layer: M1
Net VDD: antenna at (0.000000,1936.000000) (0.000000,1936.000000) on layer: M1
Net VDD: antenna at (0.000000,1928.800000) (0.000000,1928.800000) on layer: M1
Net VDD: antenna at (0.000000,1950.400000) (0.000000,1950.400000) on layer: M1
Net VDD: antenna at (0.000000,1943.200000) (0.000000,1943.200000) on layer: M1
Net VDD: antenna at (0.000000,1957.600000) (0.000000,1957.600000) on layer: M1
Net VDD: antenna at (0.000000,1964.800000) (0.000000,1964.800000) on layer: M1
Net VDD: antenna at (0.000000,1972.000000) (0.000000,1972.000000) on layer: M1
Net VDD: antenna at (0.000000,1979.200000) (0.000000,1979.200000) on layer: M1
Net VDD: antenna at (0.000000,1986.400000) (0.000000,1986.400000) on layer: M1
Net VDD: antenna at (0.000000,2008.000000) (0.000000,2008.000000) on layer: M1
Net VDD: antenna at (0.000000,2000.800000) (0.000000,2000.800000) on layer: M1
Net VDD: antenna at (0.000000,1993.600000) (0.000000,1993.600000) on layer: M1
Net VDD: antenna at (5020.000000,1021.600000) (5020.000000,1021.600000) on layer: M1
Net VDD: antenna at (5020.000000,1014.400000) (5020.000000,1014.400000) on layer: M1
Net VDD: antenna at (5020.000000,1028.800000) (5020.000000,1028.800000) on layer: M1
Net VDD: antenna at (5020.000000,1036.000000) (5020.000000,1036.000000) on layer: M1
Net VDD: antenna at (5020.000000,1043.200000) (5020.000000,1043.200000) on layer: M1
Net VDD: antenna at (5020.000000,1050.400000) (5020.000000,1050.400000) on layer: M1
Net VDD: antenna at (5020.000000,1057.600000) (5020.000000,1057.600000) on layer: M1
Net VDD: antenna at (5020.000000,1064.800000) (5020.000000,1064.800000) on layer: M1
Net VDD: antenna at (5020.000000,1072.000000) (5020.000000,1072.000000) on layer: M1
Net VDD: antenna at (5020.000000,1079.200000) (5020.000000,1079.200000) on layer: M1
Net VDD: antenna at (5020.000000,1086.400000) (5020.000000,1086.400000) on layer: M1
Net VDD: antenna at (5020.000000,1093.600000) (5020.000000,1093.600000) on layer: M1
Net VDD: antenna at (5020.000000,1100.800000) (5020.000000,1100.800000) on layer: M1
Net VDD: antenna at (5020.000000,1108.000000) (5020.000000,1108.000000) on layer: M1
Net VDD: antenna at (5020.000000,1115.200000) (5020.000000,1115.200000) on layer: M1
Net VDD: antenna at (5020.000000,1129.600000) (5020.000000,1129.600000) on layer: M1
Net VDD: antenna at (5020.000000,1122.400000) (5020.000000,1122.400000) on layer: M1
Net VDD: antenna at (5020.000000,1136.800000) (5020.000000,1136.800000) on layer: M1
Net VDD: antenna at (5020.000000,1144.000000) (5020.000000,1144.000000) on layer: M1
Net VDD: antenna at (5020.000000,1151.200000) (5020.000000,1151.200000) on layer: M1
Net VDD: antenna at (5020.000000,1158.400000) (5020.000000,1158.400000) on layer: M1
Net VDD: antenna at (5020.000000,1165.600000) (5020.000000,1165.600000) on layer: M1
Net VDD: antenna at (5020.000000,1172.800000) (5020.000000,1172.800000) on layer: M1
Net VDD: antenna at (5020.000000,1180.000000) (5020.000000,1180.000000) on layer: M1
Net VDD: antenna at (5020.000000,1187.200000) (5020.000000,1187.200000) on layer: M1
Net VDD: antenna at (5020.000000,1194.400000) (5020.000000,1194.400000) on layer: M1
Net VDD: antenna at (5020.000000,1201.600000) (5020.000000,1201.600000) on layer: M1
Net VDD: antenna at (5020.000000,1208.800000) (5020.000000,1208.800000) on layer: M1
Net VDD: antenna at (5020.000000,1216.000000) (5020.000000,1216.000000) on layer: M1
Net VDD: antenna at (5020.000000,1223.200000) (5020.000000,1223.200000) on layer: M1
Net VDD: antenna at (5020.000000,1230.400000) (5020.000000,1230.400000) on layer: M1
Net VDD: antenna at (5020.000000,1237.600000) (5020.000000,1237.600000) on layer: M1
Net VDD: antenna at (5020.000000,1244.800000) (5020.000000,1244.800000) on layer: M1
Net VDD: antenna at (5020.000000,1259.200000) (5020.000000,1259.200000) on layer: M1
Net VDD: antenna at (5020.000000,1252.000000) (5020.000000,1252.000000) on layer: M1
Net VDD: antenna at (5020.000000,1266.400000) (5020.000000,1266.400000) on layer: M1
Net VDD: antenna at (5020.000000,1273.600000) (5020.000000,1273.600000) on layer: M1
Net VDD: antenna at (5020.000000,1280.800000) (5020.000000,1280.800000) on layer: M1
Net VDD: antenna at (5020.000000,1288.000000) (5020.000000,1288.000000) on layer: M1
Net VDD: antenna at (5020.000000,1295.200000) (5020.000000,1295.200000) on layer: M1
Net VDD: antenna at (5020.000000,1302.400000) (5020.000000,1302.400000) on layer: M1
Net VDD: antenna at (5020.000000,1309.600000) (5020.000000,1309.600000) on layer: M1
Net VDD: antenna at (5020.000000,1316.800000) (5020.000000,1316.800000) on layer: M1
Net VDD: antenna at (5020.000000,1324.000000) (5020.000000,1324.000000) on layer: M1
Net VDD: antenna at (5020.000000,1331.200000) (5020.000000,1331.200000) on layer: M1
Net VDD: antenna at (5020.000000,1338.400000) (5020.000000,1338.400000) on layer: M1
Net VDD: antenna at (5020.000000,1345.600000) (5020.000000,1345.600000) on layer: M1
Net VDD: antenna at (5020.000000,1352.800000) (5020.000000,1352.800000) on layer: M1
Net VDD: antenna at (5020.000000,1360.000000) (5020.000000,1360.000000) on layer: M1
Net VDD: antenna at (5020.000000,1367.200000) (5020.000000,1367.200000) on layer: M1
Net VDD: antenna at (5020.000000,1374.400000) (5020.000000,1374.400000) on layer: M1
Net VDD: antenna at (5020.000000,1381.600000) (5020.000000,1381.600000) on layer: M1
Net VDD: antenna at (5020.000000,1388.800000) (5020.000000,1388.800000) on layer: M1
Net VDD: antenna at (5020.000000,1396.000000) (5020.000000,1396.000000) on layer: M1
Net VDD: antenna at (5020.000000,1403.200000) (5020.000000,1403.200000) on layer: M1
Net VDD: antenna at (5020.000000,1410.400000) (5020.000000,1410.400000) on layer: M1
Net VDD: antenna at (5020.000000,1417.600000) (5020.000000,1417.600000) on layer: M1
Net VDD: antenna at (5020.000000,1424.800000) (5020.000000,1424.800000) on layer: M1
Net VDD: antenna at (5020.000000,1432.000000) (5020.000000,1432.000000) on layer: M1
Net VDD: antenna at (5020.000000,1439.200000) (5020.000000,1439.200000) on layer: M1
Net VDD: antenna at (5020.000000,1446.400000) (5020.000000,1446.400000) on layer: M1
Net VDD: antenna at (5020.000000,1453.600000) (5020.000000,1453.600000) on layer: M1
Net VDD: antenna at (5020.000000,1460.800000) (5020.000000,1460.800000) on layer: M1
Net VDD: antenna at (5020.000000,1468.000000) (5020.000000,1468.000000) on layer: M1
Net VDD: antenna at (5020.000000,1475.200000) (5020.000000,1475.200000) on layer: M1
Net VDD: antenna at (5020.000000,1482.400000) (5020.000000,1482.400000) on layer: M1
Net VDD: antenna at (5020.000000,1489.600000) (5020.000000,1489.600000) on layer: M1
Net VDD: antenna at (5020.000000,1496.800000) (5020.000000,1496.800000) on layer: M1
Net VDD: antenna at (5020.000000,1511.200000) (5020.000000,1511.200000) on layer: M1
Net VDD: antenna at (5020.000000,1504.000000) (5020.000000,1504.000000) on layer: M1
Net VDD: antenna at (5020.000000,1518.400000) (5020.000000,1518.400000) on layer: M1
Net VDD: antenna at (5020.000000,1525.600000) (5020.000000,1525.600000) on layer: M1
Net VDD: antenna at (5020.000000,1532.800000) (5020.000000,1532.800000) on layer: M1
Net VDD: antenna at (5020.000000,1540.000000) (5020.000000,1540.000000) on layer: M1
Net VDD: antenna at (5020.000000,1561.600000) (5020.000000,1561.600000) on layer: M1
Net VDD: antenna at (5020.000000,1554.400000) (5020.000000,1554.400000) on layer: M1
Net VDD: antenna at (5020.000000,1547.200000) (5020.000000,1547.200000) on layer: M1
Net VDD: antenna at (5020.000000,1568.800000) (5020.000000,1568.800000) on layer: M1
Net VDD: antenna at (5020.000000,1576.000000) (5020.000000,1576.000000) on layer: M1
Net VDD: antenna at (5020.000000,1583.200000) (5020.000000,1583.200000) on layer: M1
Net VDD: antenna at (5020.000000,1590.400000) (5020.000000,1590.400000) on layer: M1
Net VDD: antenna at (5020.000000,1597.600000) (5020.000000,1597.600000) on layer: M1
Net VDD: antenna at (5020.000000,1604.800000) (5020.000000,1604.800000) on layer: M1
Net VDD: antenna at (5020.000000,1612.000000) (5020.000000,1612.000000) on layer: M1
Net VDD: antenna at (5020.000000,1619.200000) (5020.000000,1619.200000) on layer: M1
Net VDD: antenna at (5020.000000,1626.400000) (5020.000000,1626.400000) on layer: M1
Net VDD: antenna at (5020.000000,1633.600000) (5020.000000,1633.600000) on layer: M1
Net VDD: antenna at (5020.000000,1640.800000) (5020.000000,1640.800000) on layer: M1
Net VDD: antenna at (5020.000000,1648.000000) (5020.000000,1648.000000) on layer: M1
Net VDD: antenna at (5020.000000,1655.200000) (5020.000000,1655.200000) on layer: M1
Net VDD: antenna at (5020.000000,1662.400000) (5020.000000,1662.400000) on layer: M1
Net VDD: antenna at (5020.000000,1669.600000) (5020.000000,1669.600000) on layer: M1
Net VDD: antenna at (5020.000000,1684.000000) (5020.000000,1684.000000) on layer: M1
Net VDD: antenna at (5020.000000,1676.800000) (5020.000000,1676.800000) on layer: M1
Net VDD: antenna at (5020.000000,1698.400000) (5020.000000,1698.400000) on layer: M1
Net VDD: antenna at (5020.000000,1691.200000) (5020.000000,1691.200000) on layer: M1
Net VDD: antenna at (5020.000000,1705.600000) (5020.000000,1705.600000) on layer: M1
Net VDD: antenna at (5020.000000,1712.800000) (5020.000000,1712.800000) on layer: M1
Net VDD: antenna at (5020.000000,1720.000000) (5020.000000,1720.000000) on layer: M1
Net VDD: antenna at (5020.000000,1727.200000) (5020.000000,1727.200000) on layer: M1
Net VDD: antenna at (5020.000000,1734.400000) (5020.000000,1734.400000) on layer: M1
Net VDD: antenna at (5020.000000,1741.600000) (5020.000000,1741.600000) on layer: M1
Net VDD: antenna at (5020.000000,1748.800000) (5020.000000,1748.800000) on layer: M1
Net VDD: antenna at (5020.000000,1763.200000) (5020.000000,1763.200000) on layer: M1
Net VDD: antenna at (5020.000000,1756.000000) (5020.000000,1756.000000) on layer: M1
Net VDD: antenna at (5020.000000,1770.400000) (5020.000000,1770.400000) on layer: M1
Net VDD: antenna at (5020.000000,1777.600000) (5020.000000,1777.600000) on layer: M1
Net VDD: antenna at (5020.000000,1784.800000) (5020.000000,1784.800000) on layer: M1
Net VDD: antenna at (5020.000000,1792.000000) (5020.000000,1792.000000) on layer: M1
Net VDD: antenna at (5020.000000,1799.200000) (5020.000000,1799.200000) on layer: M1
Net VDD: antenna at (5020.000000,1806.400000) (5020.000000,1806.400000) on layer: M1
Net VDD: antenna at (5020.000000,1813.600000) (5020.000000,1813.600000) on layer: M1
Net VDD: antenna at (5020.000000,1820.800000) (5020.000000,1820.800000) on layer: M1
Net VDD: antenna at (5020.000000,1828.000000) (5020.000000,1828.000000) on layer: M1
Net VDD: antenna at (5020.000000,1835.200000) (5020.000000,1835.200000) on layer: M1
Net VDD: antenna at (5020.000000,1842.400000) (5020.000000,1842.400000) on layer: M1
Net VDD: antenna at (5020.000000,1849.600000) (5020.000000,1849.600000) on layer: M1
Net VDD: antenna at (5020.000000,1856.800000) (5020.000000,1856.800000) on layer: M1
Net VDD: antenna at (5020.000000,1864.000000) (5020.000000,1864.000000) on layer: M1
Net VDD: antenna at (5020.000000,1871.200000) (5020.000000,1871.200000) on layer: M1
Net VDD: antenna at (5020.000000,1878.400000) (5020.000000,1878.400000) on layer: M1
Net VDD: antenna at (5020.000000,1885.600000) (5020.000000,1885.600000) on layer: M1
Net VDD: antenna at (5020.000000,1892.800000) (5020.000000,1892.800000) on layer: M1
Net VDD: antenna at (5020.000000,1900.000000) (5020.000000,1900.000000) on layer: M1
Net VDD: antenna at (5020.000000,1907.200000) (5020.000000,1907.200000) on layer: M1
Net VDD: antenna at (5020.000000,1914.400000) (5020.000000,1914.400000) on layer: M1
Net VDD: antenna at (5020.000000,1921.600000) (5020.000000,1921.600000) on layer: M1
Net VDD: antenna at (5020.000000,1928.800000) (5020.000000,1928.800000) on layer: M1
Net VDD: antenna at (5020.000000,1936.000000) (5020.000000,1936.000000) on layer: M1
Net VDD: antenna at (5020.000000,1943.200000) (5020.000000,1943.200000) on layer: M1
Net VDD: antenna at (5020.000000,1950.400000) (5020.000000,1950.400000) on layer: M1
Net VDD: antenna at (5020.000000,1957.600000) (5020.000000,1957.600000) on layer: M1
Net VDD: antenna at (5020.000000,1964.800000) (5020.000000,1964.800000) on layer: M1
Net VDD: antenna at (5020.000000,1972.000000) (5020.000000,1972.000000) on layer: M1
Net VDD: antenna at (5020.000000,1979.200000) (5020.000000,1979.200000) on layer: M1
Net VDD: antenna at (5020.000000,1986.400000) (5020.000000,1986.400000) on layer: M1
Net VDD: antenna at (5020.000000,1993.600000) (5020.000000,1993.600000) on layer: M1
Net VDD: antenna at (5020.000000,2000.800000) (5020.000000,2000.800000) on layer: M1
Net VDD: antenna at (5020.000000,2008.000000) (5020.000000,2008.000000) on layer: M1
Net VSS: antenna at (0.000000,816.400000) (0.000000,816.400000) on layer: M1
Net VSS: antenna at (0.000000,830.800000) (0.000000,830.800000) on layer: M1
Net VSS: antenna at (0.000000,823.600000) (0.000000,823.600000) on layer: M1
Net VSS: antenna at (0.000000,845.200000) (0.000000,845.200000) on layer: M1
Net VSS: antenna at (0.000000,838.000000) (0.000000,838.000000) on layer: M1
Net VSS: antenna at (0.000000,852.400000) (0.000000,852.400000) on layer: M1
Net VSS: antenna at (0.000000,859.600000) (0.000000,859.600000) on layer: M1
Net VSS: antenna at (0.000000,866.800000) (0.000000,866.800000) on layer: M1
Net VSS: antenna at (0.000000,874.000000) (0.000000,874.000000) on layer: M1
Net VSS: antenna at (0.000000,881.200000) (0.000000,881.200000) on layer: M1
Net VSS: antenna at (0.000000,895.600000) (0.000000,895.600000) on layer: M1
Net VSS: antenna at (0.000000,888.400000) (0.000000,888.400000) on layer: M1
Net VSS: antenna at (0.000000,910.000000) (0.000000,910.000000) on layer: M1
Net VSS: antenna at (0.000000,902.800000) (0.000000,902.800000) on layer: M1
Net VSS: antenna at (0.000000,917.200000) (0.000000,917.200000) on layer: M1
Net VSS: antenna at (0.000000,924.400000) (0.000000,924.400000) on layer: M1
Net VSS: antenna at (0.000000,931.600000) (0.000000,931.600000) on layer: M1
Net VSS: antenna at (0.000000,938.800000) (0.000000,938.800000) on layer: M1
Net VSS: antenna at (0.000000,946.000000) (0.000000,946.000000) on layer: M1
Net VSS: antenna at (0.000000,960.400000) (0.000000,960.400000) on layer: M1
Net VSS: antenna at (0.000000,953.200000) (0.000000,953.200000) on layer: M1
Net VSS: antenna at (0.000000,967.600000) (0.000000,967.600000) on layer: M1
Net VSS: antenna at (0.000000,974.800000) (0.000000,974.800000) on layer: M1
Net VSS: antenna at (0.000000,982.000000) (0.000000,982.000000) on layer: M1
Net VSS: antenna at (0.000000,989.200000) (0.000000,989.200000) on layer: M1
Net VSS: antenna at (0.000000,1003.600000) (0.000000,1003.600000) on layer: M1
Net VSS: antenna at (0.000000,996.400000) (0.000000,996.400000) on layer: M1
Net VSS: antenna at (5020.000000,10.000000) (5020.000000,10.000000) on layer: M1
Net VSS: antenna at (5020.000000,17.200000) (5020.000000,17.200000) on layer: M1
Net VSS: antenna at (5020.000000,24.400000) (5020.000000,24.400000) on layer: M1
Net VSS: antenna at (5020.000000,31.600000) (5020.000000,31.600000) on layer: M1
Net VSS: antenna at (5020.000000,38.800000) (5020.000000,38.800000) on layer: M1
Net VSS: antenna at (5020.000000,46.000000) (5020.000000,46.000000) on layer: M1
Net VSS: antenna at (5020.000000,53.200000) (5020.000000,53.200000) on layer: M1
Net VSS: antenna at (5020.000000,60.400000) (5020.000000,60.400000) on layer: M1
Net VSS: antenna at (5020.000000,67.600000) (5020.000000,67.600000) on layer: M1
Net VSS: antenna at (5020.000000,74.800000) (5020.000000,74.800000) on layer: M1
Net VSS: antenna at (5020.000000,82.000000) (5020.000000,82.000000) on layer: M1
Net VSS: antenna at (5020.000000,89.200000) (5020.000000,89.200000) on layer: M1
Net VSS: antenna at (5020.000000,96.400000) (5020.000000,96.400000) on layer: M1
Net VSS: antenna at (5020.000000,103.600000) (5020.000000,103.600000) on layer: M1
Net VSS: antenna at (5020.000000,110.800000) (5020.000000,110.800000) on layer: M1
Net VSS: antenna at (5020.000000,118.000000) (5020.000000,118.000000) on layer: M1
Net VSS: antenna at (5020.000000,125.200000) (5020.000000,125.200000) on layer: M1
Net VSS: antenna at (5020.000000,132.400000) (5020.000000,132.400000) on layer: M1
Net VSS: antenna at (5020.000000,139.600000) (5020.000000,139.600000) on layer: M1
Net VSS: antenna at (5020.000000,146.800000) (5020.000000,146.800000) on layer: M1
Net VSS: antenna at (5020.000000,154.000000) (5020.000000,154.000000) on layer: M1
Net VSS: antenna at (5020.000000,161.200000) (5020.000000,161.200000) on layer: M1
Net VSS: antenna at (5020.000000,168.400000) (5020.000000,168.400000) on layer: M1
Net VSS: antenna at (5020.000000,175.600000) (5020.000000,175.600000) on layer: M1
Net VSS: antenna at (5020.000000,182.800000) (5020.000000,182.800000) on layer: M1
Net VSS: antenna at (5020.000000,190.000000) (5020.000000,190.000000) on layer: M1
Net VSS: antenna at (5020.000000,197.200000) (5020.000000,197.200000) on layer: M1
Net VSS: antenna at (5020.000000,204.400000) (5020.000000,204.400000) on layer: M1
Net VSS: antenna at (5020.000000,211.600000) (5020.000000,211.600000) on layer: M1
Net VSS: antenna at (5020.000000,218.800000) (5020.000000,218.800000) on layer: M1
Net VSS: antenna at (5020.000000,226.000000) (5020.000000,226.000000) on layer: M1
Net VSS: antenna at (5020.000000,233.200000) (5020.000000,233.200000) on layer: M1
Net VSS: antenna at (5020.000000,240.400000) (5020.000000,240.400000) on layer: M1
Net VSS: antenna at (5020.000000,247.600000) (5020.000000,247.600000) on layer: M1
Net VSS: antenna at (5020.000000,254.800000) (5020.000000,254.800000) on layer: M1
Net VSS: antenna at (5020.000000,262.000000) (5020.000000,262.000000) on layer: M1
Net VSS: antenna at (5020.000000,269.200000) (5020.000000,269.200000) on layer: M1
Net VSS: antenna at (5020.000000,276.400000) (5020.000000,276.400000) on layer: M1
Net VSS: antenna at (5020.000000,283.600000) (5020.000000,283.600000) on layer: M1
Net VSS: antenna at (5020.000000,290.800000) (5020.000000,290.800000) on layer: M1
Net VSS: antenna at (5020.000000,298.000000) (5020.000000,298.000000) on layer: M1
Net VSS: antenna at (5020.000000,305.200000) (5020.000000,305.200000) on layer: M1
Net VSS: antenna at (5020.000000,312.400000) (5020.000000,312.400000) on layer: M1
Net VSS: antenna at (5020.000000,319.600000) (5020.000000,319.600000) on layer: M1
Net VSS: antenna at (5020.000000,326.800000) (5020.000000,326.800000) on layer: M1
Net VSS: antenna at (5020.000000,334.000000) (5020.000000,334.000000) on layer: M1
Net VSS: antenna at (5020.000000,341.200000) (5020.000000,341.200000) on layer: M1
Net VSS: antenna at (5020.000000,348.400000) (5020.000000,348.400000) on layer: M1
Net VSS: antenna at (5020.000000,355.600000) (5020.000000,355.600000) on layer: M1
Net VSS: antenna at (5020.000000,362.800000) (5020.000000,362.800000) on layer: M1
Net VSS: antenna at (5020.000000,370.000000) (5020.000000,370.000000) on layer: M1
Net VSS: antenna at (5020.000000,377.200000) (5020.000000,377.200000) on layer: M1
Net VSS: antenna at (5020.000000,384.400000) (5020.000000,384.400000) on layer: M1
Net VSS: antenna at (5020.000000,391.600000) (5020.000000,391.600000) on layer: M1
Net VSS: antenna at (5020.000000,398.800000) (5020.000000,398.800000) on layer: M1
Net VSS: antenna at (5020.000000,406.000000) (5020.000000,406.000000) on layer: M1
Net VSS: antenna at (5020.000000,413.200000) (5020.000000,413.200000) on layer: M1
Net VSS: antenna at (5020.000000,420.400000) (5020.000000,420.400000) on layer: M1
Net VSS: antenna at (5020.000000,427.600000) (5020.000000,427.600000) on layer: M1
Net VSS: antenna at (5020.000000,434.800000) (5020.000000,434.800000) on layer: M1
Net VSS: antenna at (5020.000000,442.000000) (5020.000000,442.000000) on layer: M1
Net VSS: antenna at (5020.000000,449.200000) (5020.000000,449.200000) on layer: M1
Net VSS: antenna at (5020.000000,456.400000) (5020.000000,456.400000) on layer: M1
Net VSS: antenna at (5020.000000,463.600000) (5020.000000,463.600000) on layer: M1
Net VSS: antenna at (5020.000000,470.800000) (5020.000000,470.800000) on layer: M1
Net VSS: antenna at (5020.000000,478.000000) (5020.000000,478.000000) on layer: M1
Net VSS: antenna at (5020.000000,485.200000) (5020.000000,485.200000) on layer: M1
Net VSS: antenna at (5020.000000,492.400000) (5020.000000,492.400000) on layer: M1
Net VSS: antenna at (5020.000000,499.600000) (5020.000000,499.600000) on layer: M1
Net VSS: antenna at (5020.000000,506.800000) (5020.000000,506.800000) on layer: M1
Net VSS: antenna at (5020.000000,514.000000) (5020.000000,514.000000) on layer: M1
Net VSS: antenna at (5020.000000,528.400000) (5020.000000,528.400000) on layer: M1
Net VSS: antenna at (5020.000000,521.200000) (5020.000000,521.200000) on layer: M1
Net VSS: antenna at (5020.000000,535.600000) (5020.000000,535.600000) on layer: M1
Net VSS: antenna at (5020.000000,542.800000) (5020.000000,542.800000) on layer: M1
Net VSS: antenna at (5020.000000,550.000000) (5020.000000,550.000000) on layer: M1
Net VSS: antenna at (5020.000000,564.400000) (5020.000000,564.400000) on layer: M1
Net VSS: antenna at (5020.000000,557.200000) (5020.000000,557.200000) on layer: M1
Net VSS: antenna at (5020.000000,578.800000) (5020.000000,578.800000) on layer: M1
Net VSS: antenna at (5020.000000,571.600000) (5020.000000,571.600000) on layer: M1
Net VSS: antenna at (5020.000000,593.200000) (5020.000000,593.200000) on layer: M1
Net VSS: antenna at (5020.000000,586.000000) (5020.000000,586.000000) on layer: M1
Net VSS: antenna at (5020.000000,614.800000) (5020.000000,614.800000) on layer: M1
Net VSS: antenna at (5020.000000,607.600000) (5020.000000,607.600000) on layer: M1
Net VSS: antenna at (5020.000000,600.400000) (5020.000000,600.400000) on layer: M1
Net VSS: antenna at (5020.000000,622.000000) (5020.000000,622.000000) on layer: M1
Net VSS: antenna at (5020.000000,629.200000) (5020.000000,629.200000) on layer: M1
Net VSS: antenna at (5020.000000,636.400000) (5020.000000,636.400000) on layer: M1
Net VSS: antenna at (5020.000000,643.600000) (5020.000000,643.600000) on layer: M1
Net VSS: antenna at (5020.000000,650.800000) (5020.000000,650.800000) on layer: M1
Net VSS: antenna at (5020.000000,658.000000) (5020.000000,658.000000) on layer: M1
Net VSS: antenna at (5020.000000,672.400000) (5020.000000,672.400000) on layer: M1
Net VSS: antenna at (5020.000000,665.200000) (5020.000000,665.200000) on layer: M1
Net VSS: antenna at (5020.000000,679.600000) (5020.000000,679.600000) on layer: M1
Net VSS: antenna at (5020.000000,694.000000) (5020.000000,694.000000) on layer: M1
Net VSS: antenna at (5020.000000,686.800000) (5020.000000,686.800000) on layer: M1
Net VSS: antenna at (5020.000000,708.400000) (5020.000000,708.400000) on layer: M1
Net VSS: antenna at (5020.000000,701.200000) (5020.000000,701.200000) on layer: M1
Net VSS: antenna at (5020.000000,715.600000) (5020.000000,715.600000) on layer: M1
Net VSS: antenna at (5020.000000,722.800000) (5020.000000,722.800000) on layer: M1
Net VSS: antenna at (5020.000000,737.200000) (5020.000000,737.200000) on layer: M1
Net VSS: antenna at (5020.000000,730.000000) (5020.000000,730.000000) on layer: M1
Net VSS: antenna at (5020.000000,744.400000) (5020.000000,744.400000) on layer: M1
Net VSS: antenna at (5020.000000,751.600000) (5020.000000,751.600000) on layer: M1
Net VSS: antenna at (5020.000000,766.000000) (5020.000000,766.000000) on layer: M1
Net VSS: antenna at (5020.000000,758.800000) (5020.000000,758.800000) on layer: M1
Net VSS: antenna at (5020.000000,773.200000) (5020.000000,773.200000) on layer: M1
Net VSS: antenna at (5020.000000,780.400000) (5020.000000,780.400000) on layer: M1
Net VSS: antenna at (5020.000000,787.600000) (5020.000000,787.600000) on layer: M1
Net VSS: antenna at (5020.000000,802.000000) (5020.000000,802.000000) on layer: M1
Net VSS: antenna at (5020.000000,794.800000) (5020.000000,794.800000) on layer: M1
Net VSS: antenna at (5020.000000,816.400000) (5020.000000,816.400000) on layer: M1
Net VSS: antenna at (5020.000000,809.200000) (5020.000000,809.200000) on layer: M1
Net VSS: antenna at (5020.000000,830.800000) (5020.000000,830.800000) on layer: M1
Net VSS: antenna at (5020.000000,823.600000) (5020.000000,823.600000) on layer: M1
Net VSS: antenna at (5020.000000,838.000000) (5020.000000,838.000000) on layer: M1
Net VSS: antenna at (5020.000000,845.200000) (5020.000000,845.200000) on layer: M1
Net VSS: antenna at (5020.000000,852.400000) (5020.000000,852.400000) on layer: M1
Net VSS: antenna at (5020.000000,859.600000) (5020.000000,859.600000) on layer: M1
Net VSS: antenna at (5020.000000,866.800000) (5020.000000,866.800000) on layer: M1
Net VSS: antenna at (5020.000000,881.200000) (5020.000000,881.200000) on layer: M1
Net VSS: antenna at (5020.000000,874.000000) (5020.000000,874.000000) on layer: M1
Net VSS: antenna at (5020.000000,895.600000) (5020.000000,895.600000) on layer: M1
Net VSS: antenna at (5020.000000,888.400000) (5020.000000,888.400000) on layer: M1
Net VSS: antenna at (5020.000000,910.000000) (5020.000000,910.000000) on layer: M1
Net VSS: antenna at (5020.000000,902.800000) (5020.000000,902.800000) on layer: M1
Net VSS: antenna at (5020.000000,924.400000) (5020.000000,924.400000) on layer: M1
Net VSS: antenna at (5020.000000,917.200000) (5020.000000,917.200000) on layer: M1
Net VSS: antenna at (5020.000000,938.800000) (5020.000000,938.800000) on layer: M1
Net VSS: antenna at (5020.000000,931.600000) (5020.000000,931.600000) on layer: M1
Net VSS: antenna at (5020.000000,946.000000) (5020.000000,946.000000) on layer: M1
Net VSS: antenna at (5020.000000,953.200000) (5020.000000,953.200000) on layer: M1
Net VSS: antenna at (5020.000000,960.400000) (5020.000000,960.400000) on layer: M1
Net VSS: antenna at (5020.000000,967.600000) (5020.000000,967.600000) on layer: M1
Net VSS: antenna at (5020.000000,974.800000) (5020.000000,974.800000) on layer: M1
Net VSS: antenna at (5020.000000,989.200000) (5020.000000,989.200000) on layer: M1
Net VSS: antenna at (5020.000000,982.000000) (5020.000000,982.000000) on layer: M1
Net VSS: antenna at (5020.000000,1003.600000) (5020.000000,1003.600000) on layer: M1
Net VSS: antenna at (5020.000000,996.400000) (5020.000000,996.400000) on layer: M1
Net VSS: antenna at (0.000000,1018.000000) (0.000000,1018.000000) on layer: M1
Net VSS: antenna at (0.000000,1010.800000) (0.000000,1010.800000) on layer: M1
Net VSS: antenna at (0.000000,1025.200000) (0.000000,1025.200000) on layer: M1
Net VSS: antenna at (0.000000,1032.400000) (0.000000,1032.400000) on layer: M1
Net VSS: antenna at (0.000000,1039.600000) (0.000000,1039.600000) on layer: M1
Net VSS: antenna at (0.000000,1046.800000) (0.000000,1046.800000) on layer: M1
Net VSS: antenna at (0.000000,1054.000000) (0.000000,1054.000000) on layer: M1
Net VSS: antenna at (0.000000,1068.400000) (0.000000,1068.400000) on layer: M1
Net VSS: antenna at (0.000000,1061.200000) (0.000000,1061.200000) on layer: M1
Net VSS: antenna at (0.000000,1082.800000) (0.000000,1082.800000) on layer: M1
Net VSS: antenna at (0.000000,1075.600000) (0.000000,1075.600000) on layer: M1
Net VSS: antenna at (0.000000,1090.000000) (0.000000,1090.000000) on layer: M1
Net VSS: antenna at (0.000000,1097.200000) (0.000000,1097.200000) on layer: M1
Net VSS: antenna at (0.000000,1104.400000) (0.000000,1104.400000) on layer: M1
Net VSS: antenna at (0.000000,1118.800000) (0.000000,1118.800000) on layer: M1
Net VSS: antenna at (0.000000,1111.600000) (0.000000,1111.600000) on layer: M1
Net VSS: antenna at (0.000000,1133.200000) (0.000000,1133.200000) on layer: M1
Net VSS: antenna at (0.000000,1126.000000) (0.000000,1126.000000) on layer: M1
Net VSS: antenna at (0.000000,1147.600000) (0.000000,1147.600000) on layer: M1
Net VSS: antenna at (0.000000,1140.400000) (0.000000,1140.400000) on layer: M1
Net VSS: antenna at (0.000000,1162.000000) (0.000000,1162.000000) on layer: M1
Net VSS: antenna at (0.000000,1154.800000) (0.000000,1154.800000) on layer: M1
Net VSS: antenna at (0.000000,1169.200000) (0.000000,1169.200000) on layer: M1
Net VSS: antenna at (0.000000,1176.400000) (0.000000,1176.400000) on layer: M1
Net VSS: antenna at (0.000000,1183.600000) (0.000000,1183.600000) on layer: M1
Net VSS: antenna at (0.000000,1190.800000) (0.000000,1190.800000) on layer: M1
Net VSS: antenna at (0.000000,1198.000000) (0.000000,1198.000000) on layer: M1
Net VSS: antenna at (0.000000,1212.400000) (0.000000,1212.400000) on layer: M1
Net VSS: antenna at (0.000000,1205.200000) (0.000000,1205.200000) on layer: M1
Net VSS: antenna at (0.000000,1226.800000) (0.000000,1226.800000) on layer: M1
Net VSS: antenna at (0.000000,1219.600000) (0.000000,1219.600000) on layer: M1
Net VSS: antenna at (0.000000,1241.200000) (0.000000,1241.200000) on layer: M1
Net VSS: antenna at (0.000000,1234.000000) (0.000000,1234.000000) on layer: M1
Net VSS: antenna at (0.000000,1255.600000) (0.000000,1255.600000) on layer: M1
Net VSS: antenna at (0.000000,1248.400000) (0.000000,1248.400000) on layer: M1
Net VSS: antenna at (0.000000,1270.000000) (0.000000,1270.000000) on layer: M1
Net VSS: antenna at (0.000000,1262.800000) (0.000000,1262.800000) on layer: M1
Net VSS: antenna at (0.000000,1277.200000) (0.000000,1277.200000) on layer: M1
Net VSS: antenna at (0.000000,1284.400000) (0.000000,1284.400000) on layer: M1
Net VSS: antenna at (0.000000,1291.600000) (0.000000,1291.600000) on layer: M1
Net VSS: antenna at (0.000000,1306.000000) (0.000000,1306.000000) on layer: M1
Net VSS: antenna at (0.000000,1298.800000) (0.000000,1298.800000) on layer: M1
Net VSS: antenna at (0.000000,1320.400000) (0.000000,1320.400000) on layer: M1
Net VSS: antenna at (0.000000,1313.200000) (0.000000,1313.200000) on layer: M1
Net VSS: antenna at (0.000000,1334.800000) (0.000000,1334.800000) on layer: M1
Net VSS: antenna at (0.000000,1327.600000) (0.000000,1327.600000) on layer: M1
Net VSS: antenna at (0.000000,1342.000000) (0.000000,1342.000000) on layer: M1
Net VSS: antenna at (0.000000,1349.200000) (0.000000,1349.200000) on layer: M1
Net VSS: antenna at (0.000000,1356.400000) (0.000000,1356.400000) on layer: M1
Net VSS: antenna at (0.000000,1363.600000) (0.000000,1363.600000) on layer: M1
Net VSS: antenna at (0.000000,1370.800000) (0.000000,1370.800000) on layer: M1
Net VSS: antenna at (0.000000,1385.200000) (0.000000,1385.200000) on layer: M1
Net VSS: antenna at (0.000000,1378.000000) (0.000000,1378.000000) on layer: M1
Net VSS: antenna at (0.000000,1392.400000) (0.000000,1392.400000) on layer: M1
Net VSS: antenna at (0.000000,1399.600000) (0.000000,1399.600000) on layer: M1
Net VSS: antenna at (0.000000,1414.000000) (0.000000,1414.000000) on layer: M1
Net VSS: antenna at (0.000000,1406.800000) (0.000000,1406.800000) on layer: M1
Net VSS: antenna at (0.000000,1428.400000) (0.000000,1428.400000) on layer: M1
Net VSS: antenna at (0.000000,1421.200000) (0.000000,1421.200000) on layer: M1
Net VSS: antenna at (0.000000,1435.600000) (0.000000,1435.600000) on layer: M1
Net VSS: antenna at (0.000000,1442.800000) (0.000000,1442.800000) on layer: M1
Net VSS: antenna at (0.000000,1450.000000) (0.000000,1450.000000) on layer: M1
Net VSS: antenna at (0.000000,1464.400000) (0.000000,1464.400000) on layer: M1
Net VSS: antenna at (0.000000,1457.200000) (0.000000,1457.200000) on layer: M1
Net VSS: antenna at (0.000000,1471.600000) (0.000000,1471.600000) on layer: M1
Net VSS: antenna at (0.000000,1478.800000) (0.000000,1478.800000) on layer: M1
Net VSS: antenna at (0.000000,1493.200000) (0.000000,1493.200000) on layer: M1
Net VSS: antenna at (0.000000,1486.000000) (0.000000,1486.000000) on layer: M1
Net VSS: antenna at (0.000000,1507.600000) (0.000000,1507.600000) on layer: M1
Net VSS: antenna at (0.000000,1500.400000) (0.000000,1500.400000) on layer: M1
Net VSS: antenna at (0.000000,1514.800000) (0.000000,1514.800000) on layer: M1
Net VSS: antenna at (0.000000,1522.000000) (0.000000,1522.000000) on layer: M1
Net VSS: antenna at (0.000000,1529.200000) (0.000000,1529.200000) on layer: M1
Net VSS: antenna at (0.000000,1543.600000) (0.000000,1543.600000) on layer: M1
Net VSS: antenna at (0.000000,1536.400000) (0.000000,1536.400000) on layer: M1
Net VSS: antenna at (0.000000,1550.800000) (0.000000,1550.800000) on layer: M1
Net VSS: antenna at (0.000000,1558.000000) (0.000000,1558.000000) on layer: M1
Net VSS: antenna at (0.000000,1572.400000) (0.000000,1572.400000) on layer: M1
Net VSS: antenna at (0.000000,1565.200000) (0.000000,1565.200000) on layer: M1
Net VSS: antenna at (0.000000,1579.600000) (0.000000,1579.600000) on layer: M1
Net VSS: antenna at (0.000000,1586.800000) (0.000000,1586.800000) on layer: M1
Net VSS: antenna at (0.000000,1594.000000) (0.000000,1594.000000) on layer: M1
Net VSS: antenna at (0.000000,1601.200000) (0.000000,1601.200000) on layer: M1
Net VSS: antenna at (0.000000,1608.400000) (0.000000,1608.400000) on layer: M1
Net VSS: antenna at (0.000000,1622.800000) (0.000000,1622.800000) on layer: M1
Net VSS: antenna at (0.000000,1615.600000) (0.000000,1615.600000) on layer: M1
Net VSS: antenna at (0.000000,1630.000000) (0.000000,1630.000000) on layer: M1
Net VSS: antenna at (0.000000,1637.200000) (0.000000,1637.200000) on layer: M1
Net VSS: antenna at (0.000000,1651.600000) (0.000000,1651.600000) on layer: M1
Net VSS: antenna at (0.000000,1644.400000) (0.000000,1644.400000) on layer: M1
Net VSS: antenna at (0.000000,1666.000000) (0.000000,1666.000000) on layer: M1
Net VSS: antenna at (0.000000,1658.800000) (0.000000,1658.800000) on layer: M1
Net VSS: antenna at (0.000000,1673.200000) (0.000000,1673.200000) on layer: M1
Net VSS: antenna at (0.000000,1680.400000) (0.000000,1680.400000) on layer: M1
Net VSS: antenna at (0.000000,1687.600000) (0.000000,1687.600000) on layer: M1
Net VSS: antenna at (0.000000,1694.800000) (0.000000,1694.800000) on layer: M1
Net VSS: antenna at (0.000000,1702.000000) (0.000000,1702.000000) on layer: M1
Net VSS: antenna at (0.000000,1716.400000) (0.000000,1716.400000) on layer: M1
Net VSS: antenna at (0.000000,1709.200000) (0.000000,1709.200000) on layer: M1
Net VSS: antenna at (0.000000,1730.800000) (0.000000,1730.800000) on layer: M1
Net VSS: antenna at (0.000000,1723.600000) (0.000000,1723.600000) on layer: M1
Net VSS: antenna at (0.000000,1738.000000) (0.000000,1738.000000) on layer: M1
Net VSS: antenna at (0.000000,1745.200000) (0.000000,1745.200000) on layer: M1
Net VSS: antenna at (0.000000,1752.400000) (0.000000,1752.400000) on layer: M1
Net VSS: antenna at (0.000000,1759.600000) (0.000000,1759.600000) on layer: M1
Net VSS: antenna at (0.000000,1766.800000) (0.000000,1766.800000) on layer: M1
Net VSS: antenna at (0.000000,1781.200000) (0.000000,1781.200000) on layer: M1
Net VSS: antenna at (0.000000,1774.000000) (0.000000,1774.000000) on layer: M1
Net VSS: antenna at (0.000000,1788.400000) (0.000000,1788.400000) on layer: M1
Net VSS: antenna at (0.000000,1795.600000) (0.000000,1795.600000) on layer: M1
Net VSS: antenna at (0.000000,1810.000000) (0.000000,1810.000000) on layer: M1
Net VSS: antenna at (0.000000,1802.800000) (0.000000,1802.800000) on layer: M1
Net VSS: antenna at (0.000000,1824.400000) (0.000000,1824.400000) on layer: M1
Net VSS: antenna at (0.000000,1817.200000) (0.000000,1817.200000) on layer: M1
Net VSS: antenna at (0.000000,1838.800000) (0.000000,1838.800000) on layer: M1
Net VSS: antenna at (0.000000,1831.600000) (0.000000,1831.600000) on layer: M1
Net VSS: antenna at (0.000000,1846.000000) (0.000000,1846.000000) on layer: M1
Net VSS: antenna at (0.000000,1853.200000) (0.000000,1853.200000) on layer: M1
Net VSS: antenna at (0.000000,1860.400000) (0.000000,1860.400000) on layer: M1
Net VSS: antenna at (0.000000,1874.800000) (0.000000,1874.800000) on layer: M1
Net VSS: antenna at (0.000000,1867.600000) (0.000000,1867.600000) on layer: M1
Net VSS: antenna at (0.000000,1889.200000) (0.000000,1889.200000) on layer: M1
Net VSS: antenna at (0.000000,1882.000000) (0.000000,1882.000000) on layer: M1
Net VSS: antenna at (0.000000,1903.600000) (0.000000,1903.600000) on layer: M1
Net VSS: antenna at (0.000000,1896.400000) (0.000000,1896.400000) on layer: M1
Net VSS: antenna at (0.000000,1918.000000) (0.000000,1918.000000) on layer: M1
Net VSS: antenna at (0.000000,1910.800000) (0.000000,1910.800000) on layer: M1
Net VSS: antenna at (0.000000,1925.200000) (0.000000,1925.200000) on layer: M1
Net VSS: antenna at (0.000000,1939.600000) (0.000000,1939.600000) on layer: M1
Net VSS: antenna at (0.000000,1932.400000) (0.000000,1932.400000) on layer: M1
Net VSS: antenna at (0.000000,1946.800000) (0.000000,1946.800000) on layer: M1
Net VSS: antenna at (0.000000,1954.000000) (0.000000,1954.000000) on layer: M1
Net VSS: antenna at (0.000000,1968.400000) (0.000000,1968.400000) on layer: M1
Net VSS: antenna at (0.000000,1961.200000) (0.000000,1961.200000) on layer: M1
Net VSS: antenna at (0.000000,1982.800000) (0.000000,1982.800000) on layer: M1
Net VSS: antenna at (0.000000,1975.600000) (0.000000,1975.600000) on layer: M1
Net VSS: antenna at (0.000000,2004.400000) (0.000000,2004.400000) on layer: M1
Net VSS: antenna at (0.000000,1997.200000) (0.000000,1997.200000) on layer: M1
Net VSS: antenna at (0.000000,1990.000000) (0.000000,1990.000000) on layer: M1
Net VSS: antenna at (5020.000000,1025.200000) (5020.000000,1025.200000) on layer: M1
Net VSS: antenna at (5020.000000,1018.000000) (5020.000000,1018.000000) on layer: M1
Net VSS: antenna at (5020.000000,1010.800000) (5020.000000,1010.800000) on layer: M1
Net VSS: antenna at (5020.000000,1039.600000) (5020.000000,1039.600000) on layer: M1
Net VSS: antenna at (5020.000000,1032.400000) (5020.000000,1032.400000) on layer: M1
Net VSS: antenna at (5020.000000,1046.800000) (5020.000000,1046.800000) on layer: M1
Net VSS: antenna at (5020.000000,1054.000000) (5020.000000,1054.000000) on layer: M1
Net VSS: antenna at (5020.000000,1068.400000) (5020.000000,1068.400000) on layer: M1
Net VSS: antenna at (5020.000000,1061.200000) (5020.000000,1061.200000) on layer: M1
Net VSS: antenna at (5020.000000,1075.600000) (5020.000000,1075.600000) on layer: M1
Net VSS: antenna at (5020.000000,1082.800000) (5020.000000,1082.800000) on layer: M1
Net VSS: antenna at (5020.000000,1090.000000) (5020.000000,1090.000000) on layer: M1
Net VSS: antenna at (5020.000000,1097.200000) (5020.000000,1097.200000) on layer: M1
Net VSS: antenna at (5020.000000,1104.400000) (5020.000000,1104.400000) on layer: M1
Net VSS: antenna at (5020.000000,1118.800000) (5020.000000,1118.800000) on layer: M1
Net VSS: antenna at (5020.000000,1111.600000) (5020.000000,1111.600000) on layer: M1
Net VSS: antenna at (5020.000000,1133.200000) (5020.000000,1133.200000) on layer: M1
Net VSS: antenna at (5020.000000,1126.000000) (5020.000000,1126.000000) on layer: M1
Net VSS: antenna at (5020.000000,1140.400000) (5020.000000,1140.400000) on layer: M1
Net VSS: antenna at (5020.000000,1147.600000) (5020.000000,1147.600000) on layer: M1
Net VSS: antenna at (5020.000000,1162.000000) (5020.000000,1162.000000) on layer: M1
Net VSS: antenna at (5020.000000,1154.800000) (5020.000000,1154.800000) on layer: M1
Net VSS: antenna at (5020.000000,1169.200000) (5020.000000,1169.200000) on layer: M1
Net VSS: antenna at (5020.000000,1176.400000) (5020.000000,1176.400000) on layer: M1
Net VSS: antenna at (5020.000000,1183.600000) (5020.000000,1183.600000) on layer: M1
Net VSS: antenna at (5020.000000,1190.800000) (5020.000000,1190.800000) on layer: M1
Net VSS: antenna at (5020.000000,1198.000000) (5020.000000,1198.000000) on layer: M1
Net VSS: antenna at (5020.000000,1212.400000) (5020.000000,1212.400000) on layer: M1
Net VSS: antenna at (5020.000000,1205.200000) (5020.000000,1205.200000) on layer: M1
Net VSS: antenna at (5020.000000,1226.800000) (5020.000000,1226.800000) on layer: M1
Net VSS: antenna at (5020.000000,1219.600000) (5020.000000,1219.600000) on layer: M1
Net VSS: antenna at (5020.000000,1234.000000) (5020.000000,1234.000000) on layer: M1
Net VSS: antenna at (5020.000000,1241.200000) (5020.000000,1241.200000) on layer: M1
Net VSS: antenna at (5020.000000,1255.600000) (5020.000000,1255.600000) on layer: M1
Net VSS: antenna at (5020.000000,1248.400000) (5020.000000,1248.400000) on layer: M1
Net VSS: antenna at (5020.000000,1277.200000) (5020.000000,1277.200000) on layer: M1
Net VSS: antenna at (5020.000000,1270.000000) (5020.000000,1270.000000) on layer: M1
Net VSS: antenna at (5020.000000,1262.800000) (5020.000000,1262.800000) on layer: M1
Net VSS: antenna at (5020.000000,1284.400000) (5020.000000,1284.400000) on layer: M1
Net VSS: antenna at (5020.000000,1291.600000) (5020.000000,1291.600000) on layer: M1
Net VSS: antenna at (5020.000000,1306.000000) (5020.000000,1306.000000) on layer: M1
Net VSS: antenna at (5020.000000,1298.800000) (5020.000000,1298.800000) on layer: M1
Net VSS: antenna at (5020.000000,1320.400000) (5020.000000,1320.400000) on layer: M1
Net VSS: antenna at (5020.000000,1313.200000) (5020.000000,1313.200000) on layer: M1
Net VSS: antenna at (5020.000000,1334.800000) (5020.000000,1334.800000) on layer: M1
Net VSS: antenna at (5020.000000,1327.600000) (5020.000000,1327.600000) on layer: M1
Net VSS: antenna at (5020.000000,1342.000000) (5020.000000,1342.000000) on layer: M1
Net VSS: antenna at (5020.000000,1349.200000) (5020.000000,1349.200000) on layer: M1
Net VSS: antenna at (5020.000000,1356.400000) (5020.000000,1356.400000) on layer: M1
Net VSS: antenna at (5020.000000,1363.600000) (5020.000000,1363.600000) on layer: M1
Net VSS: antenna at (5020.000000,1370.800000) (5020.000000,1370.800000) on layer: M1
Net VSS: antenna at (5020.000000,1385.200000) (5020.000000,1385.200000) on layer: M1
Net VSS: antenna at (5020.000000,1378.000000) (5020.000000,1378.000000) on layer: M1
Net VSS: antenna at (5020.000000,1399.600000) (5020.000000,1399.600000) on layer: M1
Net VSS: antenna at (5020.000000,1392.400000) (5020.000000,1392.400000) on layer: M1
Net VSS: antenna at (5020.000000,1414.000000) (5020.000000,1414.000000) on layer: M1
Net VSS: antenna at (5020.000000,1406.800000) (5020.000000,1406.800000) on layer: M1
Net VSS: antenna at (5020.000000,1435.600000) (5020.000000,1435.600000) on layer: M1
Net VSS: antenna at (5020.000000,1428.400000) (5020.000000,1428.400000) on layer: M1
Net VSS: antenna at (5020.000000,1421.200000) (5020.000000,1421.200000) on layer: M1
Net VSS: antenna at (5020.000000,1442.800000) (5020.000000,1442.800000) on layer: M1
Net VSS: antenna at (5020.000000,1450.000000) (5020.000000,1450.000000) on layer: M1
Net VSS: antenna at (5020.000000,1457.200000) (5020.000000,1457.200000) on layer: M1
Net VSS: antenna at (5020.000000,1464.400000) (5020.000000,1464.400000) on layer: M1
Net VSS: antenna at (5020.000000,1471.600000) (5020.000000,1471.600000) on layer: M1
Net VSS: antenna at (5020.000000,1478.800000) (5020.000000,1478.800000) on layer: M1
Net VSS: antenna at (5020.000000,1493.200000) (5020.000000,1493.200000) on layer: M1
Net VSS: antenna at (5020.000000,1486.000000) (5020.000000,1486.000000) on layer: M1
Net VSS: antenna at (5020.000000,1507.600000) (5020.000000,1507.600000) on layer: M1
Net VSS: antenna at (5020.000000,1500.400000) (5020.000000,1500.400000) on layer: M1
Net VSS: antenna at (5020.000000,1514.800000) (5020.000000,1514.800000) on layer: M1
Net VSS: antenna at (5020.000000,1522.000000) (5020.000000,1522.000000) on layer: M1
Net VSS: antenna at (5020.000000,1529.200000) (5020.000000,1529.200000) on layer: M1
Net VSS: antenna at (5020.000000,1543.600000) (5020.000000,1543.600000) on layer: M1
Net VSS: antenna at (5020.000000,1536.400000) (5020.000000,1536.400000) on layer: M1
Net VSS: antenna at (5020.000000,1558.000000) (5020.000000,1558.000000) on layer: M1
Net VSS: antenna at (5020.000000,1550.800000) (5020.000000,1550.800000) on layer: M1
Net VSS: antenna at (5020.000000,1572.400000) (5020.000000,1572.400000) on layer: M1
Net VSS: antenna at (5020.000000,1565.200000) (5020.000000,1565.200000) on layer: M1
Net VSS: antenna at (5020.000000,1579.600000) (5020.000000,1579.600000) on layer: M1
Net VSS: antenna at (5020.000000,1586.800000) (5020.000000,1586.800000) on layer: M1
Net VSS: antenna at (5020.000000,1594.000000) (5020.000000,1594.000000) on layer: M1
Net VSS: antenna at (5020.000000,1601.200000) (5020.000000,1601.200000) on layer: M1
Net VSS: antenna at (5020.000000,1608.400000) (5020.000000,1608.400000) on layer: M1
Net VSS: antenna at (5020.000000,1622.800000) (5020.000000,1622.800000) on layer: M1
Net VSS: antenna at (5020.000000,1615.600000) (5020.000000,1615.600000) on layer: M1
Net VSS: antenna at (5020.000000,1630.000000) (5020.000000,1630.000000) on layer: M1
Net VSS: antenna at (5020.000000,1637.200000) (5020.000000,1637.200000) on layer: M1
Net VSS: antenna at (5020.000000,1651.600000) (5020.000000,1651.600000) on layer: M1
Net VSS: antenna at (5020.000000,1644.400000) (5020.000000,1644.400000) on layer: M1
Net VSS: antenna at (5020.000000,1666.000000) (5020.000000,1666.000000) on layer: M1
Net VSS: antenna at (5020.000000,1658.800000) (5020.000000,1658.800000) on layer: M1
Net VSS: antenna at (5020.000000,1680.400000) (5020.000000,1680.400000) on layer: M1
Net VSS: antenna at (5020.000000,1673.200000) (5020.000000,1673.200000) on layer: M1
Net VSS: antenna at (5020.000000,1687.600000) (5020.000000,1687.600000) on layer: M1
Net VSS: antenna at (5020.000000,1694.800000) (5020.000000,1694.800000) on layer: M1
Net VSS: antenna at (5020.000000,1702.000000) (5020.000000,1702.000000) on layer: M1
Net VSS: antenna at (5020.000000,1709.200000) (5020.000000,1709.200000) on layer: M1
Net VSS: antenna at (5020.000000,1716.400000) (5020.000000,1716.400000) on layer: M1
Net VSS: antenna at (5020.000000,1730.800000) (5020.000000,1730.800000) on layer: M1
Net VSS: antenna at (5020.000000,1723.600000) (5020.000000,1723.600000) on layer: M1
Net VSS: antenna at (5020.000000,1738.000000) (5020.000000,1738.000000) on layer: M1
Net VSS: antenna at (5020.000000,1745.200000) (5020.000000,1745.200000) on layer: M1
Net VSS: antenna at (5020.000000,1752.400000) (5020.000000,1752.400000) on layer: M1
Net VSS: antenna at (5020.000000,1759.600000) (5020.000000,1759.600000) on layer: M1
Net VSS: antenna at (5020.000000,1766.800000) (5020.000000,1766.800000) on layer: M1
Net VSS: antenna at (5020.000000,1781.200000) (5020.000000,1781.200000) on layer: M1
Net VSS: antenna at (5020.000000,1774.000000) (5020.000000,1774.000000) on layer: M1
Net VSS: antenna at (5020.000000,1788.400000) (5020.000000,1788.400000) on layer: M1
Net VSS: antenna at (5020.000000,1795.600000) (5020.000000,1795.600000) on layer: M1
Net VSS: antenna at (5020.000000,1810.000000) (5020.000000,1810.000000) on layer: M1
Net VSS: antenna at (5020.000000,1802.800000) (5020.000000,1802.800000) on layer: M1
Net VSS: antenna at (5020.000000,1824.400000) (5020.000000,1824.400000) on layer: M1
Net VSS: antenna at (5020.000000,1817.200000) (5020.000000,1817.200000) on layer: M1
Net VSS: antenna at (5020.000000,1831.600000) (5020.000000,1831.600000) on layer: M1
Net VSS: antenna at (5020.000000,1846.000000) (5020.000000,1846.000000) on layer: M1
Net VSS: antenna at (5020.000000,1838.800000) (5020.000000,1838.800000) on layer: M1
Net VSS: antenna at (5020.000000,1853.200000) (5020.000000,1853.200000) on layer: M1
Net VSS: antenna at (5020.000000,1860.400000) (5020.000000,1860.400000) on layer: M1
Net VSS: antenna at (5020.000000,1874.800000) (5020.000000,1874.800000) on layer: M1
Net VSS: antenna at (5020.000000,1867.600000) (5020.000000,1867.600000) on layer: M1
Net VSS: antenna at (5020.000000,1889.200000) (5020.000000,1889.200000) on layer: M1
Net VSS: antenna at (5020.000000,1882.000000) (5020.000000,1882.000000) on layer: M1
Net VSS: antenna at (5020.000000,1903.600000) (5020.000000,1903.600000) on layer: M1
Net VSS: antenna at (5020.000000,1896.400000) (5020.000000,1896.400000) on layer: M1
Net VSS: antenna at (5020.000000,1918.000000) (5020.000000,1918.000000) on layer: M1
Net VSS: antenna at (5020.000000,1910.800000) (5020.000000,1910.800000) on layer: M1
Net VSS: antenna at (5020.000000,1925.200000) (5020.000000,1925.200000) on layer: M1
Net VSS: antenna at (5020.000000,1939.600000) (5020.000000,1939.600000) on layer: M1
Net VSS: antenna at (5020.000000,1932.400000) (5020.000000,1932.400000) on layer: M1
Net VSS: antenna at (5020.000000,1946.800000) (5020.000000,1946.800000) on layer: M1
Net VSS: antenna at (5020.000000,1954.000000) (5020.000000,1954.000000) on layer: M1
Net VSS: antenna at (5020.000000,1968.400000) (5020.000000,1968.400000) on layer: M1
Net VSS: antenna at (5020.000000,1961.200000) (5020.000000,1961.200000) on layer: M1
Net VSS: antenna at (5020.000000,1982.800000) (5020.000000,1982.800000) on layer: M1
Net VSS: antenna at (5020.000000,1975.600000) (5020.000000,1975.600000) on layer: M1
Net VSS: antenna at (5020.000000,1997.200000) (5020.000000,1997.200000) on layer: M1
Net VSS: antenna at (5020.000000,1990.000000) (5020.000000,1990.000000) on layer: M1
Net VSS: antenna at (5020.000000,2004.400000) (5020.000000,2004.400000) on layer: M1

Begin Summary
    1000 Problem(s) [ 94]: The net has an antenna.
    1000 total info(s) created.
End Summary
